    16>D:\projects\misis2023f-23-check\misis2024s-23-02-pishugin-d-s\prj.check\prj.check\doctest_queuelstpr\doctest_queuelstpr.cpp(3,10): error C1083: Не удается открыть файл включение: queuelstpr/queuelstpr.hpp: No such file or directory, [D:\projects\misis2023f-23-check\misis2024s-23-02-pishugin-d-s\build.check\prj.check\prj.check\doctest_queuelstpr\doctest_queuelstpr.vcxproj]
    28>D:\projects\misis2023f-23-check\misis2024s-23-02-pishugin-d-s\prj.check\prj.check\doctest_stackarr\doctest_stackarr_moveable.cpp(3,10): error C1083: Не удается открыть файл включение: stackarr/stackarr.hpp: No such file or directory, [D:\projects\misis2023f-23-check\misis2024s-23-02-pishugin-d-s\build.check\prj.check\prj.check\doctest_stackarr\doctest_stackarr_m.vcxproj]
    25>D:\projects\misis2023f-23-check\misis2024s-23-02-pishugin-d-s\prj.check\prj.check\doctest_stackarr\doctest_stackarr.cpp(3,10): error C1083: Не удается открыть файл включение: stackarr/stackarr.hpp: No such file or directory, [D:\projects\misis2023f-23-check\misis2024s-23-02-pishugin-d-s\build.check\prj.check\prj.check\doctest_stackarr\doctest_stackarr.vcxproj]
     4>D:\projects\misis2023f-23-check\misis2024s-23-02-pishugin-d-s\prj.check\prj.check\doctest_queuelstpr\doctest_queuelstpr_moveable.cpp(3,10): error C1083: Не удается открыть файл включение: queuelstpr/queuelstpr.hpp: No such file or directory, [D:\projects\misis2023f-23-check\misis2024s-23-02-pishugin-d-s\build.check\prj.check\prj.check\doctest_queuelstpr\doctest_queuelstpr_m.vcxproj]
    11>D:\projects\misis2023f-23-check\misis2024s-23-02-pishugin-d-s\prj.check\prj.check\doctest_bitset\doctest_bitset.cpp(14,19): error C2676: бинарный "[": "BitSet" не определяет этот оператор или преобразование к типу приемлемо к встроенному оператору [D:\projects\misis2023f-23-check\misis2024s-23-02-pishugin-d-s\build.check\prj.check\prj.check\doctest_bitset\doctest_bitset.vcxproj]
    11>D:\projects\misis2023f-23-check\misis2024s-23-02-pishugin-d-s\prj.check\prj.check\doctest_bitset\doctest_bitset.cpp(16,19): error C2676: бинарный "[": "BitSet" не определяет этот оператор или преобразование к типу приемлемо к встроенному оператору [D:\projects\misis2023f-23-check\misis2024s-23-02-pishugin-d-s\build.check\prj.check\prj.check\doctest_bitset\doctest_bitset.vcxproj]
    11>D:\projects\misis2023f-23-check\misis2024s-23-02-pishugin-d-s\prj.check\prj.check\doctest_bitset\doctest_bitset.cpp(16,13): error C2530: b2: ссылки должны быть инициализированы [D:\projects\misis2023f-23-check\misis2024s-23-02-pishugin-d-s\build.check\prj.check\prj.check\doctest_bitset\doctest_bitset.vcxproj]
    11>D:\projects\misis2023f-23-check\misis2024s-23-02-pishugin-d-s\prj.check\prj.check\doctest_bitset\doctest_bitset.cpp(88,5): error C2676: бинарный "[": "BitSet" не определяет этот оператор или преобразование к типу приемлемо к встроенному оператору [D:\projects\misis2023f-23-check\misis2024s-23-02-pishugin-d-s\build.check\prj.check\prj.check\doctest_bitset\doctest_bitset.vcxproj]
    11>D:\projects\misis2023f-23-check\misis2024s-23-02-pishugin-d-s\prj.check\prj.check\doctest_bitset\doctest_bitset.cpp(89,9): error C2676: бинарный "[": "BitSet" не определяет этот оператор или преобразование к типу приемлемо к встроенному оператору [D:\projects\misis2023f-23-check\misis2024s-23-02-pishugin-d-s\build.check\prj.check\prj.check\doctest_bitset\doctest_bitset.vcxproj]
    11>D:\projects\misis2023f-23-check\misis2024s-23-02-pishugin-d-s\prj.check\prj.check\doctest_bitset\doctest_bitset.cpp(91,5): error C2676: бинарный "[": "BitSet" не определяет этот оператор или преобразование к типу приемлемо к встроенному оператору [D:\projects\misis2023f-23-check\misis2024s-23-02-pishugin-d-s\build.check\prj.check\prj.check\doctest_bitset\doctest_bitset.vcxproj]
    17>D:\projects\misis2023f-23-check\misis2024s-23-02-pishugin-d-s\prj.check\prj.check\doctest_dynarr\doctest_dynarr_moveable.cpp(13,3): error C2039: "Size": не является членом "DynArr". [D:\projects\misis2023f-23-check\misis2024s-23-02-pishugin-d-s\build.check\prj.check\prj.check\doctest_dynarr\doctest_dynarr_m.vcxproj]
    17>D:\projects\misis2023f-23-check\misis2024s-23-02-pishugin-d-s\prj.check\prj.check\doctest_dynarr\doctest_dynarr_moveable.cpp(14,19): error C2039: "Size": не является членом "DynArr". [D:\projects\misis2023f-23-check\misis2024s-23-02-pishugin-d-s\build.check\prj.check\prj.check\doctest_dynarr\doctest_dynarr_m.vcxproj]
    17>D:\projects\misis2023f-23-check\misis2024s-23-02-pishugin-d-s\prj.check\prj.check\doctest_dynarr\doctest_dynarr_moveable.cpp(14,41): error C2039: "Size": не является членом "DynArr". [D:\projects\misis2023f-23-check\misis2024s-23-02-pishugin-d-s\build.check\prj.check\prj.check\doctest_dynarr\doctest_dynarr_m.vcxproj]
    17>D:\projects\misis2023f-23-check\misis2024s-23-02-pishugin-d-s\prj.check\prj.check\doctest_dynarr\doctest_dynarr_moveable.cpp(23,3): error C2039: "Size": не является членом "DynArr". [D:\projects\misis2023f-23-check\misis2024s-23-02-pishugin-d-s\build.check\prj.check\prj.check\doctest_dynarr\doctest_dynarr_m.vcxproj]
    17>D:\projects\misis2023f-23-check\misis2024s-23-02-pishugin-d-s\prj.check\prj.check\doctest_dynarr\doctest_dynarr_moveable.cpp(24,19): error C2039: "Size": не является членом "DynArr". [D:\projects\misis2023f-23-check\misis2024s-23-02-pishugin-d-s\build.check\prj.check\prj.check\doctest_dynarr\doctest_dynarr_m.vcxproj]
    17>D:\projects\misis2023f-23-check\misis2024s-23-02-pishugin-d-s\prj.check\prj.check\doctest_dynarr\doctest_dynarr_moveable.cpp(24,41): error C2039: "Size": не является членом "DynArr". [D:\projects\misis2023f-23-check\misis2024s-23-02-pishugin-d-s\build.check\prj.check\prj.check\doctest_dynarr\doctest_dynarr_m.vcxproj]
    11>D:\projects\misis2023f-23-check\misis2024s-23-02-pishugin-d-s\prj.check\prj.check\doctest_bitset\doctest_bitset.cpp(92,9): error C2676: бинарный "[": "BitSet" не определяет этот оператор или преобразование к типу приемлемо к встроенному оператору [D:\projects\misis2023f-23-check\misis2024s-23-02-pishugin-d-s\build.check\prj.check\prj.check\doctest_bitset\doctest_bitset.vcxproj]
     9>D:\projects\misis2023f-23-check\misis2024s-23-02-pishugin-d-s\prj.check\prj.check\doctest_complex\doctest_complex.cpp(66,3): error C2675: унарный "-": "Complex" не определяет этот оператор или преобразование к типу приемлемо к встроенному оператору [D:\projects\misis2023f-23-check\misis2024s-23-02-pishugin-d-s\build.check\prj.check\prj.check\doctest_complex\doctest_complex.vcxproj]
     9>D:\projects\misis2023f-23-check\misis2024s-23-02-pishugin-d-s\prj.check\prj.check\doctest_complex\doctest_complex.cpp(66,3): error C2088: встроенный оператор "-" не может быть применен к операнду типа "Complex" [D:\projects\misis2023f-23-check\misis2024s-23-02-pishugin-d-s\build.check\prj.check\prj.check\doctest_complex\doctest_complex.vcxproj]
     9>D:\projects\misis2023f-23-check\misis2024s-23-02-pishugin-d-s\prj.check\prj.check\doctest_complex\doctest_complex.cpp(70,3): error C2675: унарный "-": "Complex" не определяет этот оператор или преобразование к типу приемлемо к встроенному оператору [D:\projects\misis2023f-23-check\misis2024s-23-02-pishugin-d-s\build.check\prj.check\prj.check\doctest_complex\doctest_complex.vcxproj]
     9>D:\projects\misis2023f-23-check\misis2024s-23-02-pishugin-d-s\prj.check\prj.check\doctest_complex\doctest_complex.cpp(70,3): error C2088: встроенный оператор "-" не может быть применен к операнду типа "Complex" [D:\projects\misis2023f-23-check\misis2024s-23-02-pishugin-d-s\build.check\prj.check\prj.check\doctest_complex\doctest_complex.vcxproj]
     9>D:\projects\misis2023f-23-check\misis2024s-23-02-pishugin-d-s\prj.check\prj.check\doctest_complex\doctest_complex.cpp(81,3): error C2679: бинарный "+": не найден оператор, принимающий правый операнд типа "int" (или приемлемое преобразование отсутствует) [D:\projects\misis2023f-23-check\misis2024s-23-02-pishugin-d-s\build.check\prj.check\prj.check\doctest_complex\doctest_complex.vcxproj]
     9>D:\projects\misis2023f-23-check\misis2024s-23-02-pishugin-d-s\prj.check\prj.check\doctest_complex\doctest_complex.cpp(93,3): error C2679: бинарный "-": не найден оператор, принимающий правый операнд типа "int" (или приемлемое преобразование отсутствует) [D:\projects\misis2023f-23-check\misis2024s-23-02-pishugin-d-s\build.check\prj.check\prj.check\doctest_complex\doctest_complex.vcxproj]
     9>D:\projects\misis2023f-23-check\misis2024s-23-02-pishugin-d-s\prj.check\prj.check\doctest_complex\doctest_complex.cpp(94,3): error C2678: бинарный "-": не найден оператор, принимающий левый операнд типа "int" (или приемлемое преобразование отсутствует) [D:\projects\misis2023f-23-check\misis2024s-23-02-pishugin-d-s\build.check\prj.check\prj.check\doctest_complex\doctest_complex.vcxproj]
     9>D:\projects\misis2023f-23-check\misis2024s-23-02-pishugin-d-s\prj.check\prj.check\doctest_complex\doctest_complex.cpp(106,3): error C2676: бинарный "*": "Complex" не определяет этот оператор или преобразование к типу приемлемо к встроенному оператору [D:\projects\misis2023f-23-check\misis2024s-23-02-pishugin-d-s\build.check\prj.check\prj.check\doctest_complex\doctest_complex.vcxproj]
     9>D:\projects\misis2023f-23-check\misis2024s-23-02-pishugin-d-s\prj.check\prj.check\doctest_complex\doctest_complex.cpp(107,3): error C2677: бинарный "*": не найден глобальный оператор, принимающий тип "Complex" (или приемлемое преобразование отсутствует) [D:\projects\misis2023f-23-check\misis2024s-23-02-pishugin-d-s\build.check\prj.check\prj.check\doctest_complex\doctest_complex.vcxproj]
     9>D:\projects\misis2023f-23-check\misis2024s-23-02-pishugin-d-s\prj.check\prj.check\doctest_complex\doctest_complex.cpp(108,3): error C2676: бинарный "*": "Complex" не определяет этот оператор или преобразование к типу приемлемо к встроенному оператору [D:\projects\misis2023f-23-check\misis2024s-23-02-pishugin-d-s\build.check\prj.check\prj.check\doctest_complex\doctest_complex.vcxproj]
     9>D:\projects\misis2023f-23-check\misis2024s-23-02-pishugin-d-s\prj.check\prj.check\doctest_complex\doctest_complex.cpp(112,3): error C2676: бинарный "/=": "Complex" не определяет этот оператор или преобразование к типу приемлемо к встроенному оператору [D:\projects\misis2023f-23-check\misis2024s-23-02-pishugin-d-s\build.check\prj.check\prj.check\doctest_complex\doctest_complex.vcxproj]
     9>D:\projects\misis2023f-23-check\misis2024s-23-02-pishugin-d-s\prj.check\prj.check\doctest_complex\doctest_complex.cpp(113,3): error C2676: бинарный "/=": "Complex" не определяет этот оператор или преобразование к типу приемлемо к встроенному оператору [D:\projects\misis2023f-23-check\misis2024s-23-02-pishugin-d-s\build.check\prj.check\prj.check\doctest_complex\doctest_complex.vcxproj]
     9>D:\projects\misis2023f-23-check\misis2024s-23-02-pishugin-d-s\prj.check\prj.check\doctest_complex\doctest_complex.cpp(114,3): error C2676: бинарный "/=": "Complex" не определяет этот оператор или преобразование к типу приемлемо к встроенному оператору [D:\projects\misis2023f-23-check\misis2024s-23-02-pishugin-d-s\build.check\prj.check\prj.check\doctest_complex\doctest_complex.vcxproj]
     9>D:\projects\misis2023f-23-check\misis2024s-23-02-pishugin-d-s\prj.check\prj.check\doctest_complex\doctest_complex.cpp(114,3): error C2676: бинарный "*": "Complex" не определяет этот оператор или преобразование к типу приемлемо к встроенному оператору [D:\projects\misis2023f-23-check\misis2024s-23-02-pishugin-d-s\build.check\prj.check\prj.check\doctest_complex\doctest_complex.vcxproj]
     9>D:\projects\misis2023f-23-check\misis2024s-23-02-pishugin-d-s\prj.check\prj.check\doctest_complex\doctest_complex.cpp(119,3): error C2676: бинарный "/": "Complex" не определяет этот оператор или преобразование к типу приемлемо к встроенному оператору [D:\projects\misis2023f-23-check\misis2024s-23-02-pishugin-d-s\build.check\prj.check\prj.check\doctest_complex\doctest_complex.vcxproj]
     9>D:\projects\misis2023f-23-check\misis2024s-23-02-pishugin-d-s\prj.check\prj.check\doctest_complex\doctest_complex.cpp(120,3): error C2677: бинарный "/": не найден глобальный оператор, принимающий тип "Complex" (или приемлемое преобразование отсутствует) [D:\projects\misis2023f-23-check\misis2024s-23-02-pishugin-d-s\build.check\prj.check\prj.check\doctest_complex\doctest_complex.vcxproj]
     9>D:\projects\misis2023f-23-check\misis2024s-23-02-pishugin-d-s\prj.check\prj.check\doctest_complex\doctest_complex.cpp(121,3): error C2676: бинарный "/": "Complex" не определяет этот оператор или преобразование к типу приемлемо к встроенному оператору [D:\projects\misis2023f-23-check\misis2024s-23-02-pishugin-d-s\build.check\prj.check\prj.check\doctest_complex\doctest_complex.vcxproj]
     9>D:\projects\misis2023f-23-check\misis2024s-23-02-pishugin-d-s\prj.check\prj.check\doctest_complex\doctest_complex.cpp(121,3): error C2676: бинарный "*": "Complex" не определяет этот оператор или преобразование к типу приемлемо к встроенному оператору [D:\projects\misis2023f-23-check\misis2024s-23-02-pishugin-d-s\build.check\prj.check\prj.check\doctest_complex\doctest_complex.vcxproj]
     9>D:\projects\misis2023f-23-check\misis2024s-23-02-pishugin-d-s\prj.check\prj.check\doctest_complex\doctest_complex.cpp(123,3): error C2676: бинарный "/": "Complex" не определяет этот оператор или преобразование к типу приемлемо к встроенному оператору [D:\projects\misis2023f-23-check\misis2024s-23-02-pishugin-d-s\build.check\prj.check\prj.check\doctest_complex\doctest_complex.vcxproj]
     9>D:\projects\misis2023f-23-check\misis2024s-23-02-pishugin-d-s\prj.check\prj.check\doctest_complex\doctest_complex.cpp(123,3): error C2672: "doctest::detail::ResultBuilder::binary_assert": не найдена соответствующая перегруженная функция [D:\projects\misis2023f-23-check\misis2024s-23-02-pishugin-d-s\build.check\prj.check\prj.check\doctest_complex\doctest_complex.vcxproj]
     6>D:\projects\misis2023f-23-check\misis2024s-23-02-pishugin-d-s\prj.check\prj.check\doctest_dynarr\doctest_dynarr.cpp(16,3): error C2039: "Size": не является членом "DynArr". [D:\projects\misis2023f-23-check\misis2024s-23-02-pishugin-d-s\build.check\prj.check\prj.check\doctest_dynarr\doctest_dynarr.vcxproj]
    11>D:\projects\misis2023f-23-check\misis2024s-23-02-pishugin-d-s\prj.check\prj.check\doctest_bitset\doctest_bitset.cpp(94,5): error C2676: бинарный "[": "BitSet" не определяет этот оператор или преобразование к типу приемлемо к встроенному оператору [D:\projects\misis2023f-23-check\misis2024s-23-02-pishugin-d-s\build.check\prj.check\prj.check\doctest_bitset\doctest_bitset.vcxproj]
     6>D:\projects\misis2023f-23-check\misis2024s-23-02-pishugin-d-s\prj.check\prj.check\doctest_dynarr\doctest_dynarr.cpp(17,3): error C2039: "Size": не является членом "DynArr". [D:\projects\misis2023f-23-check\misis2024s-23-02-pishugin-d-s\build.check\prj.check\prj.check\doctest_dynarr\doctest_dynarr.vcxproj]
     6>D:\projects\misis2023f-23-check\misis2024s-23-02-pishugin-d-s\prj.check\prj.check\doctest_dynarr\doctest_dynarr.cpp(26,3): error C2039: "Size": не является членом "DynArr". [D:\projects\misis2023f-23-check\misis2024s-23-02-pishugin-d-s\build.check\prj.check\prj.check\doctest_dynarr\doctest_dynarr.vcxproj]
    11>D:\projects\misis2023f-23-check\misis2024s-23-02-pishugin-d-s\prj.check\prj.check\doctest_bitset\doctest_bitset.cpp(96,7): error C2676: бинарный "[": "BitSet" не определяет этот оператор или преобразование к типу приемлемо к встроенному оператору [D:\projects\misis2023f-23-check\misis2024s-23-02-pishugin-d-s\build.check\prj.check\prj.check\doctest_bitset\doctest_bitset.vcxproj]
     6>D:\projects\misis2023f-23-check\misis2024s-23-02-pishugin-d-s\prj.check\prj.check\doctest_dynarr\doctest_dynarr.cpp(26,3): error C2672: "doctest::detail::ResultBuilder::binary_assert": не найдена соответствующая перегруженная функция [D:\projects\misis2023f-23-check\misis2024s-23-02-pishugin-d-s\build.check\prj.check\prj.check\doctest_dynarr\doctest_dynarr.vcxproj]
    29>D:\projects\misis2023f-23-check\misis2024s-23-02-pishugin-d-s\prj.check\prj.check\doctest_rational\doctest_rational.cpp(29,3): error C2675: унарный "-": "Rational" не определяет этот оператор или преобразование к типу приемлемо к встроенному оператору [D:\projects\misis2023f-23-check\misis2024s-23-02-pishugin-d-s\build.check\prj.check\prj.check\doctest_rational\doctest_rational.vcxproj]
     6>D:\projects\misis2023f-23-check\misis2024s-23-02-pishugin-d-s\prj.check\prj.check\doctest_dynarr\doctest_dynarr.cpp(34,25): error C2039: "Size": не является членом "DynArr". [D:\projects\misis2023f-23-check\misis2024s-23-02-pishugin-d-s\build.check\prj.check\prj.check\doctest_dynarr\doctest_dynarr.vcxproj]
    11>D:\projects\misis2023f-23-check\misis2024s-23-02-pishugin-d-s\prj.check\prj.check\doctest_bitset\doctest_bitset.cpp(97,3): error C2676: бинарный "[": "BitSet" не определяет этот оператор или преобразование к типу приемлемо к встроенному оператору [D:\projects\misis2023f-23-check\misis2024s-23-02-pishugin-d-s\build.check\prj.check\prj.check\doctest_bitset\doctest_bitset.vcxproj]
    29>D:\projects\misis2023f-23-check\misis2024s-23-02-pishugin-d-s\prj.check\prj.check\doctest_rational\doctest_rational.cpp(29,3): error C2088: встроенный оператор "-" не может быть применен к операнду типа "Rational" [D:\projects\misis2023f-23-check\misis2024s-23-02-pishugin-d-s\build.check\prj.check\prj.check\doctest_rational\doctest_rational.vcxproj]
    29>D:\projects\misis2023f-23-check\misis2024s-23-02-pishugin-d-s\prj.check\prj.check\doctest_rational\doctest_rational.cpp(29,3): error C2672: "doctest::detail::ResultBuilder::binary_assert": не найдена соответствующая перегруженная функция [D:\projects\misis2023f-23-check\misis2024s-23-02-pishugin-d-s\build.check\prj.check\prj.check\doctest_rational\doctest_rational.vcxproj]
    29>D:\projects\misis2023f-23-check\misis2024s-23-02-pishugin-d-s\prj.check\prj.check\doctest_rational\doctest_rational.cpp(30,3): error C2675: унарный "-": "Rational" не определяет этот оператор или преобразование к типу приемлемо к встроенному оператору [D:\projects\misis2023f-23-check\misis2024s-23-02-pishugin-d-s\build.check\prj.check\prj.check\doctest_rational\doctest_rational.vcxproj]
    29>D:\projects\misis2023f-23-check\misis2024s-23-02-pishugin-d-s\prj.check\prj.check\doctest_rational\doctest_rational.cpp(30,3): error C2088: встроенный оператор "-" не может быть применен к операнду типа "Rational" [D:\projects\misis2023f-23-check\misis2024s-23-02-pishugin-d-s\build.check\prj.check\prj.check\doctest_rational\doctest_rational.vcxproj]
    29>D:\projects\misis2023f-23-check\misis2024s-23-02-pishugin-d-s\prj.check\prj.check\doctest_rational\doctest_rational.cpp(30,3): error C2672: "doctest::detail::ResultBuilder::binary_assert": не найдена соответствующая перегруженная функция [D:\projects\misis2023f-23-check\misis2024s-23-02-pishugin-d-s\build.check\prj.check\prj.check\doctest_rational\doctest_rational.vcxproj]
    29>D:\projects\misis2023f-23-check\misis2024s-23-02-pishugin-d-s\prj.check\prj.check\doctest_rational\doctest_rational.cpp(31,3): error C2675: унарный "-": "Rational" не определяет этот оператор или преобразование к типу приемлемо к встроенному оператору [D:\projects\misis2023f-23-check\misis2024s-23-02-pishugin-d-s\build.check\prj.check\prj.check\doctest_rational\doctest_rational.vcxproj]
    29>D:\projects\misis2023f-23-check\misis2024s-23-02-pishugin-d-s\prj.check\prj.check\doctest_rational\doctest_rational.cpp(31,3): error C2088: встроенный оператор "-" не может быть применен к операнду типа "Rational" [D:\projects\misis2023f-23-check\misis2024s-23-02-pishugin-d-s\build.check\prj.check\prj.check\doctest_rational\doctest_rational.vcxproj]
    29>D:\projects\misis2023f-23-check\misis2024s-23-02-pishugin-d-s\prj.check\prj.check\doctest_rational\doctest_rational.cpp(31,3): error C2672: "doctest::detail::ResultBuilder::binary_assert": не найдена соответствующая перегруженная функция [D:\projects\misis2023f-23-check\misis2024s-23-02-pishugin-d-s\build.check\prj.check\prj.check\doctest_rational\doctest_rational.vcxproj]
    29>D:\projects\misis2023f-23-check\misis2024s-23-02-pishugin-d-s\prj.check\prj.check\doctest_rational\doctest_rational.cpp(42,3): error C2678: бинарный "+": не найден оператор, принимающий левый операнд типа "Rational" (или приемлемое преобразование отсутствует) [D:\projects\misis2023f-23-check\misis2024s-23-02-pishugin-d-s\build.check\prj.check\prj.check\doctest_rational\doctest_rational.vcxproj]
    29>D:\projects\misis2023f-23-check\misis2024s-23-02-pishugin-d-s\prj.check\prj.check\doctest_rational\doctest_rational.cpp(43,3): error C2678: бинарный "+": не найден оператор, принимающий левый операнд типа "Rational" (или приемлемое преобразование отсутствует) [D:\projects\misis2023f-23-check\misis2024s-23-02-pishugin-d-s\build.check\prj.check\prj.check\doctest_rational\doctest_rational.vcxproj]
    29>D:\projects\misis2023f-23-check\misis2024s-23-02-pishugin-d-s\prj.check\prj.check\doctest_rational\doctest_rational.cpp(44,3): error C2678: бинарный "+": не найден оператор, принимающий левый операнд типа "Rational" (или приемлемое преобразование отсутствует) [D:\projects\misis2023f-23-check\misis2024s-23-02-pishugin-d-s\build.check\prj.check\prj.check\doctest_rational\doctest_rational.vcxproj]
    29>D:\projects\misis2023f-23-check\misis2024s-23-02-pishugin-d-s\prj.check\prj.check\doctest_rational\doctest_rational.cpp(45,3): error C2678: бинарный "+": не найден оператор, принимающий левый операнд типа "Rational" (или приемлемое преобразование отсутствует) [D:\projects\misis2023f-23-check\misis2024s-23-02-pishugin-d-s\build.check\prj.check\prj.check\doctest_rational\doctest_rational.vcxproj]
    29>D:\projects\misis2023f-23-check\misis2024s-23-02-pishugin-d-s\prj.check\prj.check\doctest_rational\doctest_rational.cpp(56,3): error C2678: бинарный "-": не найден оператор, принимающий левый операнд типа "Rational" (или приемлемое преобразование отсутствует) [D:\projects\misis2023f-23-check\misis2024s-23-02-pishugin-d-s\build.check\prj.check\prj.check\doctest_rational\doctest_rational.vcxproj]
    29>D:\projects\misis2023f-23-check\misis2024s-23-02-pishugin-d-s\prj.check\prj.check\doctest_rational\doctest_rational.cpp(57,3): error C2678: бинарный "-": не найден оператор, принимающий левый операнд типа "Rational" (или приемлемое преобразование отсутствует) [D:\projects\misis2023f-23-check\misis2024s-23-02-pishugin-d-s\build.check\prj.check\prj.check\doctest_rational\doctest_rational.vcxproj]
    29>D:\projects\misis2023f-23-check\misis2024s-23-02-pishugin-d-s\prj.check\prj.check\doctest_rational\doctest_rational.cpp(58,3): error C2678: бинарный "-": не найден оператор, принимающий левый операнд типа "Rational" (или приемлемое преобразование отсутствует) [D:\projects\misis2023f-23-check\misis2024s-23-02-pishugin-d-s\build.check\prj.check\prj.check\doctest_rational\doctest_rational.vcxproj]
    29>D:\projects\misis2023f-23-check\misis2024s-23-02-pishugin-d-s\prj.check\prj.check\doctest_rational\doctest_rational.cpp(59,3): error C2678: бинарный "-": не найден оператор, принимающий левый операнд типа "Rational" (или приемлемое преобразование отсутствует) [D:\projects\misis2023f-23-check\misis2024s-23-02-pishugin-d-s\build.check\prj.check\prj.check\doctest_rational\doctest_rational.vcxproj]
    29>D:\projects\misis2023f-23-check\misis2024s-23-02-pishugin-d-s\prj.check\prj.check\doctest_rational\doctest_rational.cpp(70,3): error C2678: бинарный "*": не найден оператор, принимающий левый операнд типа "Rational" (или приемлемое преобразование отсутствует) [D:\projects\misis2023f-23-check\misis2024s-23-02-pishugin-d-s\build.check\prj.check\prj.check\doctest_rational\doctest_rational.vcxproj]
    29>D:\projects\misis2023f-23-check\misis2024s-23-02-pishugin-d-s\prj.check\prj.check\doctest_rational\doctest_rational.cpp(71,3): error C2678: бинарный "*": не найден оператор, принимающий левый операнд типа "Rational" (или приемлемое преобразование отсутствует) [D:\projects\misis2023f-23-check\misis2024s-23-02-pishugin-d-s\build.check\prj.check\prj.check\doctest_rational\doctest_rational.vcxproj]
    29>D:\projects\misis2023f-23-check\misis2024s-23-02-pishugin-d-s\prj.check\prj.check\doctest_rational\doctest_rational.cpp(72,3): error C2678: бинарный "*": не найден оператор, принимающий левый операнд типа "Rational" (или приемлемое преобразование отсутствует) [D:\projects\misis2023f-23-check\misis2024s-23-02-pishugin-d-s\build.check\prj.check\prj.check\doctest_rational\doctest_rational.vcxproj]
    29>D:\projects\misis2023f-23-check\misis2024s-23-02-pishugin-d-s\prj.check\prj.check\doctest_rational\doctest_rational.cpp(73,3): error C2678: бинарный "*": не найден оператор, принимающий левый операнд типа "Rational" (или приемлемое преобразование отсутствует) [D:\projects\misis2023f-23-check\misis2024s-23-02-pishugin-d-s\build.check\prj.check\prj.check\doctest_rational\doctest_rational.vcxproj]
    29>D:\projects\misis2023f-23-check\misis2024s-23-02-pishugin-d-s\prj.check\prj.check\doctest_rational\doctest_rational.cpp(86,3): error C2678: бинарный "/": не найден оператор, принимающий левый операнд типа "Rational" (или приемлемое преобразование отсутствует) [D:\projects\misis2023f-23-check\misis2024s-23-02-pishugin-d-s\build.check\prj.check\prj.check\doctest_rational\doctest_rational.vcxproj]
    29>D:\projects\misis2023f-23-check\misis2024s-23-02-pishugin-d-s\prj.check\prj.check\doctest_rational\doctest_rational.cpp(87,3): error C2678: бинарный "/": не найден оператор, принимающий левый операнд типа "Rational" (или приемлемое преобразование отсутствует) [D:\projects\misis2023f-23-check\misis2024s-23-02-pishugin-d-s\build.check\prj.check\prj.check\doctest_rational\doctest_rational.vcxproj]
    29>D:\projects\misis2023f-23-check\misis2024s-23-02-pishugin-d-s\prj.check\prj.check\doctest_rational\doctest_rational.cpp(88,3): error C2678: бинарный "/": не найден оператор, принимающий левый операнд типа "Rational" (или приемлемое преобразование отсутствует) [D:\projects\misis2023f-23-check\misis2024s-23-02-pishugin-d-s\build.check\prj.check\prj.check\doctest_rational\doctest_rational.vcxproj]
    29>D:\projects\misis2023f-23-check\misis2024s-23-02-pishugin-d-s\prj.check\prj.check\doctest_rational\doctest_rational.cpp(89,3): error C2678: бинарный "/": не найден оператор, принимающий левый операнд типа "Rational" (или приемлемое преобразование отсутствует) [D:\projects\misis2023f-23-check\misis2024s-23-02-pishugin-d-s\build.check\prj.check\prj.check\doctest_rational\doctest_rational.vcxproj]
    29>D:\projects\misis2023f-23-check\misis2024s-23-02-pishugin-d-s\prj.check\prj.check\doctest_rational\doctest_rational.cpp(90,3): error C2678: бинарный "/": не найден оператор, принимающий левый операнд типа "Rational" (или приемлемое преобразование отсутствует) [D:\projects\misis2023f-23-check\misis2024s-23-02-pishugin-d-s\build.check\prj.check\prj.check\doctest_rational\doctest_rational.vcxproj]
    29>D:\projects\misis2023f-23-check\misis2024s-23-02-pishugin-d-s\prj.check\prj.check\doctest_rational\doctest_rational.cpp(91,3): error C2678: бинарный "/": не найден оператор, принимающий левый операнд типа "Rational" (или приемлемое преобразование отсутствует) [D:\projects\misis2023f-23-check\misis2024s-23-02-pishugin-d-s\build.check\prj.check\prj.check\doctest_rational\doctest_rational.vcxproj]
    14>D:\projects\misis2023f-23-check\misis2024s-23-02-pishugin-d-s\prj.check\prj.check\doctest_complex\doctest_complex_io.cpp(24,5): error C2679: бинарный ">>": не найден оператор, принимающий правый операнд типа "Complex" (или приемлемое преобразование отсутствует) [D:\projects\misis2023f-23-check\misis2024s-23-02-pishugin-d-s\build.check\prj.check\prj.check\doctest_complex\doctest_complex_io.vcxproj]
    14>D:\projects\misis2023f-23-check\misis2024s-23-02-pishugin-d-s\prj.check\prj.check\doctest_complex\doctest_complex_io.cpp(32,5): error C2679: бинарный ">>": не найден оператор, принимающий правый операнд типа "Complex" (или приемлемое преобразование отсутствует) [D:\projects\misis2023f-23-check\misis2024s-23-02-pishugin-d-s\build.check\prj.check\prj.check\doctest_complex\doctest_complex_io.vcxproj]
    14>D:\projects\misis2023f-23-check\misis2024s-23-02-pishugin-d-s\prj.check\prj.check\doctest_complex\doctest_complex_io.cpp(41,3): error C2679: бинарный "<<": не найден оператор, принимающий правый операнд типа "Complex" (или приемлемое преобразование отсутствует) [D:\projects\misis2023f-23-check\misis2024s-23-02-pishugin-d-s\build.check\prj.check\prj.check\doctest_complex\doctest_complex_io.vcxproj]
    14>D:\projects\misis2023f-23-check\misis2024s-23-02-pishugin-d-s\prj.check\prj.check\doctest_complex\doctest_complex_io.cpp(44,3): error C2679: бинарный ">>": не найден оператор, принимающий правый операнд типа "Complex" (или приемлемое преобразование отсутствует) [D:\projects\misis2023f-23-check\misis2024s-23-02-pishugin-d-s\build.check\prj.check\prj.check\doctest_complex\doctest_complex_io.vcxproj]
    14>D:\projects\misis2023f-23-check\misis2024s-23-02-pishugin-d-s\prj.check\prj.check\doctest_complex\doctest_complex_io.cpp(51,5): error C2679: бинарный ">>": не найден оператор, принимающий правый операнд типа "Complex" (или приемлемое преобразование отсутствует) [D:\projects\misis2023f-23-check\misis2024s-23-02-pishugin-d-s\build.check\prj.check\prj.check\doctest_complex\doctest_complex_io.vcxproj]
    14>D:\projects\misis2023f-23-check\misis2024s-23-02-pishugin-d-s\prj.check\prj.check\doctest_complex\doctest_complex_io.cpp(58,5): error C2679: бинарный ">>": не найден оператор, принимающий правый операнд типа "Complex" (или приемлемое преобразование отсутствует) [D:\projects\misis2023f-23-check\misis2024s-23-02-pishugin-d-s\build.check\prj.check\prj.check\doctest_complex\doctest_complex_io.vcxproj]
     6>D:\projects\misis2023f-23-check\misis2024s-23-02-pishugin-d-s\prj.check\prj.check\doctest_dynarr\doctest_dynarr.cpp(38,3): error C2039: "Size": не является членом "DynArr". [D:\projects\misis2023f-23-check\misis2024s-23-02-pishugin-d-s\build.check\prj.check\prj.check\doctest_dynarr\doctest_dynarr.vcxproj]
     6>D:\projects\misis2023f-23-check\misis2024s-23-02-pishugin-d-s\prj.check\prj.check\doctest_dynarr\doctest_dynarr.cpp(39,25): error C2039: "Size": не является членом "DynArr". [D:\projects\misis2023f-23-check\misis2024s-23-02-pishugin-d-s\build.check\prj.check\prj.check\doctest_dynarr\doctest_dynarr.vcxproj]
     6>D:\projects\misis2023f-23-check\misis2024s-23-02-pishugin-d-s\prj.check\prj.check\doctest_dynarr\doctest_dynarr.cpp(42,25): error C2039: "Size": не является членом "DynArr". [D:\projects\misis2023f-23-check\misis2024s-23-02-pishugin-d-s\build.check\prj.check\prj.check\doctest_dynarr\doctest_dynarr.vcxproj]
     6>D:\projects\misis2023f-23-check\misis2024s-23-02-pishugin-d-s\prj.check\prj.check\doctest_dynarr\doctest_dynarr.cpp(45,25): error C2039: "Size": не является членом "DynArr". [D:\projects\misis2023f-23-check\misis2024s-23-02-pishugin-d-s\build.check\prj.check\prj.check\doctest_dynarr\doctest_dynarr.vcxproj]
     6>D:\projects\misis2023f-23-check\misis2024s-23-02-pishugin-d-s\prj.check\prj.check\doctest_dynarr\doctest_dynarr.cpp(52,25): error C2039: "Size": не является членом "DynArr". [D:\projects\misis2023f-23-check\misis2024s-23-02-pishugin-d-s\build.check\prj.check\prj.check\doctest_dynarr\doctest_dynarr.vcxproj]
     6>D:\projects\misis2023f-23-check\misis2024s-23-02-pishugin-d-s\prj.check\prj.check\doctest_dynarr\doctest_dynarr.cpp(58,25): error C2039: "Size": не является членом "DynArr". [D:\projects\misis2023f-23-check\misis2024s-23-02-pishugin-d-s\build.check\prj.check\prj.check\doctest_dynarr\doctest_dynarr.vcxproj]
     6>D:\projects\misis2023f-23-check\misis2024s-23-02-pishugin-d-s\prj.check\prj.check\doctest_dynarr\doctest_dynarr.cpp(65,3): error C2039: "Size": не является членом "DynArr". [D:\projects\misis2023f-23-check\misis2024s-23-02-pishugin-d-s\build.check\prj.check\prj.check\doctest_dynarr\doctest_dynarr.vcxproj]
     6>D:\projects\misis2023f-23-check\misis2024s-23-02-pishugin-d-s\prj.check\prj.check\doctest_dynarr\doctest_dynarr.cpp(67,19): error C2039: "Size": не является членом "DynArr". [D:\projects\misis2023f-23-check\misis2024s-23-02-pishugin-d-s\build.check\prj.check\prj.check\doctest_dynarr\doctest_dynarr.vcxproj]
     6>D:\projects\misis2023f-23-check\misis2024s-23-02-pishugin-d-s\prj.check\prj.check\doctest_dynarr\doctest_dynarr.cpp(67,37): error C2039: "Size": не является членом "DynArr". [D:\projects\misis2023f-23-check\misis2024s-23-02-pishugin-d-s\build.check\prj.check\prj.check\doctest_dynarr\doctest_dynarr.vcxproj]
     6>D:\projects\misis2023f-23-check\misis2024s-23-02-pishugin-d-s\prj.check\prj.check\doctest_dynarr\doctest_dynarr.cpp(68,25): error C2039: "Size": не является членом "DynArr". [D:\projects\misis2023f-23-check\misis2024s-23-02-pishugin-d-s\build.check\prj.check\prj.check\doctest_dynarr\doctest_dynarr.vcxproj]
     6>D:\projects\misis2023f-23-check\misis2024s-23-02-pishugin-d-s\prj.check\prj.check\doctest_dynarr\doctest_dynarr.cpp(73,25): error C2039: "Size": не является членом "DynArr". [D:\projects\misis2023f-23-check\misis2024s-23-02-pishugin-d-s\build.check\prj.check\prj.check\doctest_dynarr\doctest_dynarr.vcxproj]
     6>D:\projects\misis2023f-23-check\misis2024s-23-02-pishugin-d-s\prj.check\prj.check\doctest_dynarr\doctest_dynarr.cpp(76,25): error C2039: "Size": не является членом "DynArr". [D:\projects\misis2023f-23-check\misis2024s-23-02-pishugin-d-s\build.check\prj.check\prj.check\doctest_dynarr\doctest_dynarr.vcxproj]
     6>D:\projects\misis2023f-23-check\misis2024s-23-02-pishugin-d-s\prj.check\prj.check\doctest_dynarr\doctest_dynarr.cpp(84,28): error C2039: "Size": не является членом "DynArr". [D:\projects\misis2023f-23-check\misis2024s-23-02-pishugin-d-s\build.check\prj.check\prj.check\doctest_dynarr\doctest_dynarr.vcxproj]
     6>D:\projects\misis2023f-23-check\misis2024s-23-02-pishugin-d-s\prj.check\prj.check\doctest_dynarr\doctest_dynarr.cpp(88,25): error C2039: "Size": не является членом "DynArr". [D:\projects\misis2023f-23-check\misis2024s-23-02-pishugin-d-s\build.check\prj.check\prj.check\doctest_dynarr\doctest_dynarr.vcxproj]
     6>D:\projects\misis2023f-23-check\misis2024s-23-02-pishugin-d-s\prj.check\prj.check\doctest_dynarr\doctest_dynarr.cpp(99,3): error C2039: "Size": не является членом "DynArr". [D:\projects\misis2023f-23-check\misis2024s-23-02-pishugin-d-s\build.check\prj.check\prj.check\doctest_dynarr\doctest_dynarr.vcxproj]
     6>D:\projects\misis2023f-23-check\misis2024s-23-02-pishugin-d-s\prj.check\prj.check\doctest_dynarr\doctest_dynarr.cpp(101,3): error C2039: "Size": не является членом "DynArr". [D:\projects\misis2023f-23-check\misis2024s-23-02-pishugin-d-s\build.check\prj.check\prj.check\doctest_dynarr\doctest_dynarr.vcxproj]
     6>D:\projects\misis2023f-23-check\misis2024s-23-02-pishugin-d-s\prj.check\prj.check\doctest_dynarr\doctest_dynarr.cpp(104,3): error C2039: "Size": не является членом "DynArr". [D:\projects\misis2023f-23-check\misis2024s-23-02-pishugin-d-s\build.check\prj.check\prj.check\doctest_dynarr\doctest_dynarr.vcxproj]
     6>D:\projects\misis2023f-23-check\misis2024s-23-02-pishugin-d-s\prj.check\prj.check\doctest_dynarr\doctest_dynarr.cpp(106,3): error C2039: "Size": не является членом "DynArr". [D:\projects\misis2023f-23-check\misis2024s-23-02-pishugin-d-s\build.check\prj.check\prj.check\doctest_dynarr\doctest_dynarr.vcxproj]
     6>D:\projects\misis2023f-23-check\misis2024s-23-02-pishugin-d-s\prj.check\prj.check\doctest_dynarr\doctest_dynarr.cpp(111,25): error C2039: "Size": не является членом "DynArr". [D:\projects\misis2023f-23-check\misis2024s-23-02-pishugin-d-s\build.check\prj.check\prj.check\doctest_dynarr\doctest_dynarr.vcxproj]
     6>D:\projects\misis2023f-23-check\misis2024s-23-02-pishugin-d-s\prj.check\prj.check\doctest_dynarr\doctest_dynarr.cpp(114,6): error C2039: "Resize": не является членом "DynArr". [D:\projects\misis2023f-23-check\misis2024s-23-02-pishugin-d-s\build.check\prj.check\prj.check\doctest_dynarr\doctest_dynarr.vcxproj]
     6>D:\projects\misis2023f-23-check\misis2024s-23-02-pishugin-d-s\prj.check\prj.check\doctest_dynarr\doctest_dynarr.cpp(116,25): error C2039: "Size": не является членом "DynArr". [D:\projects\misis2023f-23-check\misis2024s-23-02-pishugin-d-s\build.check\prj.check\prj.check\doctest_dynarr\doctest_dynarr.vcxproj]
     6>D:\projects\misis2023f-23-check\misis2024s-23-02-pishugin-d-s\prj.check\prj.check\doctest_dynarr\doctest_dynarr.cpp(121,6): error C2039: "Resize": не является членом "DynArr". [D:\projects\misis2023f-23-check\misis2024s-23-02-pishugin-d-s\build.check\prj.check\prj.check\doctest_dynarr\doctest_dynarr.vcxproj]
     6>D:\projects\misis2023f-23-check\misis2024s-23-02-pishugin-d-s\prj.check\prj.check\doctest_dynarr\doctest_dynarr.cpp(134,3): error C2039: "Resize": не является членом "DynArr". [D:\projects\misis2023f-23-check\misis2024s-23-02-pishugin-d-s\build.check\prj.check\prj.check\doctest_dynarr\doctest_dynarr.vcxproj]
     6>D:\projects\misis2023f-23-check\misis2024s-23-02-pishugin-d-s\prj.check\prj.check\doctest_dynarr\doctest_dynarr.cpp(135,3): error C2039: "Resize": не является членом "DynArr". [D:\projects\misis2023f-23-check\misis2024s-23-02-pishugin-d-s\build.check\prj.check\prj.check\doctest_dynarr\doctest_dynarr.vcxproj]
     6>D:\projects\misis2023f-23-check\misis2024s-23-02-pishugin-d-s\prj.check\prj.check\doctest_dynarr\doctest_dynarr.cpp(135,3): error C2039: "Size": не является членом "DynArr". [D:\projects\misis2023f-23-check\misis2024s-23-02-pishugin-d-s\build.check\prj.check\prj.check\doctest_dynarr\doctest_dynarr.vcxproj]
     6>D:\projects\misis2023f-23-check\misis2024s-23-02-pishugin-d-s\prj.check\prj.check\doctest_dynarr\doctest_dynarr.cpp(136,3): error C2039: "Resize": не является членом "DynArr". [D:\projects\misis2023f-23-check\misis2024s-23-02-pishugin-d-s\build.check\prj.check\prj.check\doctest_dynarr\doctest_dynarr.vcxproj]
    11>D:\projects\misis2023f-23-check\misis2024s-23-02-pishugin-d-s\prj.check\prj.check\doctest_bitset\doctest_bitset.cpp(98,3): error C2676: бинарный "[": "BitSet" не определяет этот оператор или преобразование к типу приемлемо к встроенному оператору [D:\projects\misis2023f-23-check\misis2024s-23-02-pishugin-d-s\build.check\prj.check\prj.check\doctest_bitset\doctest_bitset.vcxproj]
    11>D:\projects\misis2023f-23-check\misis2024s-23-02-pishugin-d-s\prj.check\prj.check\doctest_bitset\doctest_bitset.cpp(99,3): error C2676: бинарный "[": "BitSet" не определяет этот оператор или преобразование к типу приемлемо к встроенному оператору [D:\projects\misis2023f-23-check\misis2024s-23-02-pishugin-d-s\build.check\prj.check\prj.check\doctest_bitset\doctest_bitset.vcxproj]
    11>D:\projects\misis2023f-23-check\misis2024s-23-02-pishugin-d-s\prj.check\prj.check\doctest_bitset\doctest_bitset.cpp(100,3): error C2676: бинарный "[": "BitSet" не определяет этот оператор или преобразование к типу приемлемо к встроенному оператору [D:\projects\misis2023f-23-check\misis2024s-23-02-pishugin-d-s\build.check\prj.check\prj.check\doctest_bitset\doctest_bitset.vcxproj]
    11>D:\projects\misis2023f-23-check\misis2024s-23-02-pishugin-d-s\prj.check\prj.check\doctest_bitset\doctest_bitset.cpp(101,3): error C2676: бинарный "[": "BitSet" не определяет этот оператор или преобразование к типу приемлемо к встроенному оператору [D:\projects\misis2023f-23-check\misis2024s-23-02-pishugin-d-s\build.check\prj.check\prj.check\doctest_bitset\doctest_bitset.vcxproj]
    11>D:\projects\misis2023f-23-check\misis2024s-23-02-pishugin-d-s\prj.check\prj.check\doctest_bitset\doctest_bitset.cpp(102,3): error C2676: бинарный "[": "BitSet" не определяет этот оператор или преобразование к типу приемлемо к встроенному оператору [D:\projects\misis2023f-23-check\misis2024s-23-02-pishugin-d-s\build.check\prj.check\prj.check\doctest_bitset\doctest_bitset.vcxproj]
    11>D:\projects\misis2023f-23-check\misis2024s-23-02-pishugin-d-s\prj.check\prj.check\doctest_bitset\doctest_bitset.cpp(103,3): error C2676: бинарный "[": "BitSet" не определяет этот оператор или преобразование к типу приемлемо к встроенному оператору [D:\projects\misis2023f-23-check\misis2024s-23-02-pishugin-d-s\build.check\prj.check\prj.check\doctest_bitset\doctest_bitset.vcxproj]
    11>D:\projects\misis2023f-23-check\misis2024s-23-02-pishugin-d-s\prj.check\prj.check\doctest_bitset\doctest_bitset.cpp(104,3): error C2676: бинарный "[": "BitSet" не определяет этот оператор или преобразование к типу приемлемо к встроенному оператору [D:\projects\misis2023f-23-check\misis2024s-23-02-pishugin-d-s\build.check\prj.check\prj.check\doctest_bitset\doctest_bitset.vcxproj]
    11>D:\projects\misis2023f-23-check\misis2024s-23-02-pishugin-d-s\prj.check\prj.check\doctest_bitset\doctest_bitset.cpp(105,3): error C2676: бинарный "[": "BitSet" не определяет этот оператор или преобразование к типу приемлемо к встроенному оператору [D:\projects\misis2023f-23-check\misis2024s-23-02-pishugin-d-s\build.check\prj.check\prj.check\doctest_bitset\doctest_bitset.vcxproj]
    11>D:\projects\misis2023f-23-check\misis2024s-23-02-pishugin-d-s\prj.check\prj.check\doctest_bitset\doctest_bitset.cpp(106,3): error C2676: бинарный "[": "BitSet" не определяет этот оператор или преобразование к типу приемлемо к встроенному оператору [D:\projects\misis2023f-23-check\misis2024s-23-02-pishugin-d-s\build.check\prj.check\prj.check\doctest_bitset\doctest_bitset.vcxproj]
    11>D:\projects\misis2023f-23-check\misis2024s-23-02-pishugin-d-s\prj.check\prj.check\doctest_bitset\doctest_bitset.cpp(107,3): error C2676: бинарный "[": "BitSet" не определяет этот оператор или преобразование к типу приемлемо к встроенному оператору [D:\projects\misis2023f-23-check\misis2024s-23-02-pishugin-d-s\build.check\prj.check\prj.check\doctest_bitset\doctest_bitset.vcxproj]
    11>D:\projects\misis2023f-23-check\misis2024s-23-02-pishugin-d-s\prj.check\prj.check\doctest_bitset\doctest_bitset.cpp(108,7): error C2676: бинарный "[": "BitSet" не определяет этот оператор или преобразование к типу приемлемо к встроенному оператору [D:\projects\misis2023f-23-check\misis2024s-23-02-pishugin-d-s\build.check\prj.check\prj.check\doctest_bitset\doctest_bitset.vcxproj]
    11>D:\projects\misis2023f-23-check\misis2024s-23-02-pishugin-d-s\prj.check\prj.check\doctest_bitset\doctest_bitset.cpp(109,7): error C2676: бинарный "[": "BitSet" не определяет этот оператор или преобразование к типу приемлемо к встроенному оператору [D:\projects\misis2023f-23-check\misis2024s-23-02-pishugin-d-s\build.check\prj.check\prj.check\doctest_bitset\doctest_bitset.vcxproj]
    11>D:\projects\misis2023f-23-check\misis2024s-23-02-pishugin-d-s\prj.check\prj.check\doctest_bitset\doctest_bitset.cpp(109,15): error C2676: бинарный "[": "BitSet" не определяет этот оператор или преобразование к типу приемлемо к встроенному оператору [D:\projects\misis2023f-23-check\misis2024s-23-02-pishugin-d-s\build.check\prj.check\prj.check\doctest_bitset\doctest_bitset.vcxproj]
    11>D:\projects\misis2023f-23-check\misis2024s-23-02-pishugin-d-s\prj.check\prj.check\doctest_bitset\doctest_bitset.cpp(109,23): error C2676: бинарный "[": "BitSet" не определяет этот оператор или преобразование к типу приемлемо к встроенному оператору [D:\projects\misis2023f-23-check\misis2024s-23-02-pishugin-d-s\build.check\prj.check\prj.check\doctest_bitset\doctest_bitset.vcxproj]
    11>D:\projects\misis2023f-23-check\misis2024s-23-02-pishugin-d-s\prj.check\prj.check\doctest_bitset\doctest_bitset.cpp(110,3): error C2676: бинарный "[": "BitSet" не определяет этот оператор или преобразование к типу приемлемо к встроенному оператору [D:\projects\misis2023f-23-check\misis2024s-23-02-pishugin-d-s\build.check\prj.check\prj.check\doctest_bitset\doctest_bitset.vcxproj]
    11>D:\projects\misis2023f-23-check\misis2024s-23-02-pishugin-d-s\prj.check\prj.check\doctest_bitset\doctest_bitset.cpp(111,3): error C2676: бинарный "[": "BitSet" не определяет этот оператор или преобразование к типу приемлемо к встроенному оператору [D:\projects\misis2023f-23-check\misis2024s-23-02-pishugin-d-s\build.check\prj.check\prj.check\doctest_bitset\doctest_bitset.vcxproj]
    11>D:\projects\misis2023f-23-check\misis2024s-23-02-pishugin-d-s\prj.check\prj.check\doctest_bitset\doctest_bitset.cpp(112,3): error C2676: бинарный "[": "BitSet" не определяет этот оператор или преобразование к типу приемлемо к встроенному оператору [D:\projects\misis2023f-23-check\misis2024s-23-02-pishugin-d-s\build.check\prj.check\prj.check\doctest_bitset\doctest_bitset.vcxproj]
    11>D:\projects\misis2023f-23-check\misis2024s-23-02-pishugin-d-s\prj.check\prj.check\doctest_bitset\doctest_bitset.cpp(113,3): error C2676: бинарный "[": "BitSet" не определяет этот оператор или преобразование к типу приемлемо к встроенному оператору [D:\projects\misis2023f-23-check\misis2024s-23-02-pishugin-d-s\build.check\prj.check\prj.check\doctest_bitset\doctest_bitset.vcxproj]
    11>D:\projects\misis2023f-23-check\misis2024s-23-02-pishugin-d-s\prj.check\prj.check\doctest_bitset\doctest_bitset.cpp(117,7): error C2676: бинарный "[": "BitSet" не определяет этот оператор или преобразование к типу приемлемо к встроенному оператору [D:\projects\misis2023f-23-check\misis2024s-23-02-pishugin-d-s\build.check\prj.check\prj.check\doctest_bitset\doctest_bitset.vcxproj]
    11>D:\projects\misis2023f-23-check\misis2024s-23-02-pishugin-d-s\prj.check\prj.check\doctest_bitset\doctest_bitset.cpp(118,7): error C2676: бинарный "[": "BitSet" не определяет этот оператор или преобразование к типу приемлемо к встроенному оператору [D:\projects\misis2023f-23-check\misis2024s-23-02-pishugin-d-s\build.check\prj.check\prj.check\doctest_bitset\doctest_bitset.vcxproj]
    11>D:\projects\misis2023f-23-check\misis2024s-23-02-pishugin-d-s\prj.check\prj.check\doctest_bitset\doctest_bitset.cpp(119,3): error C2676: бинарный "[": "BitSet" не определяет этот оператор или преобразование к типу приемлемо к встроенному оператору [D:\projects\misis2023f-23-check\misis2024s-23-02-pishugin-d-s\build.check\prj.check\prj.check\doctest_bitset\doctest_bitset.vcxproj]
    11>D:\projects\misis2023f-23-check\misis2024s-23-02-pishugin-d-s\prj.check\prj.check\doctest_bitset\doctest_bitset.cpp(120,3): error C2676: бинарный "[": "BitSet" не определяет этот оператор или преобразование к типу приемлемо к встроенному оператору [D:\projects\misis2023f-23-check\misis2024s-23-02-pishugin-d-s\build.check\prj.check\prj.check\doctest_bitset\doctest_bitset.vcxproj]
    11>D:\projects\misis2023f-23-check\misis2024s-23-02-pishugin-d-s\prj.check\prj.check\doctest_bitset\doctest_bitset.cpp(121,3): error C2676: бинарный "[": "BitSet" не определяет этот оператор или преобразование к типу приемлемо к встроенному оператору [D:\projects\misis2023f-23-check\misis2024s-23-02-pishugin-d-s\build.check\prj.check\prj.check\doctest_bitset\doctest_bitset.vcxproj]
    11>D:\projects\misis2023f-23-check\misis2024s-23-02-pishugin-d-s\prj.check\prj.check\doctest_bitset\doctest_bitset.cpp(122,3): error C2676: бинарный "[": "BitSet" не определяет этот оператор или преобразование к типу приемлемо к встроенному оператору [D:\projects\misis2023f-23-check\misis2024s-23-02-pishugin-d-s\build.check\prj.check\prj.check\doctest_bitset\doctest_bitset.vcxproj]
    11>D:\projects\misis2023f-23-check\misis2024s-23-02-pishugin-d-s\prj.check\prj.check\doctest_bitset\doctest_bitset.cpp(123,7): error C2676: бинарный "[": "BitSet" не определяет этот оператор или преобразование к типу приемлемо к встроенному оператору [D:\projects\misis2023f-23-check\misis2024s-23-02-pishugin-d-s\build.check\prj.check\prj.check\doctest_bitset\doctest_bitset.vcxproj]
    11>D:\projects\misis2023f-23-check\misis2024s-23-02-pishugin-d-s\prj.check\prj.check\doctest_bitset\doctest_bitset.cpp(124,3): error C2676: бинарный "[": "BitSet" не определяет этот оператор или преобразование к типу приемлемо к встроенному оператору [D:\projects\misis2023f-23-check\misis2024s-23-02-pishugin-d-s\build.check\prj.check\prj.check\doctest_bitset\doctest_bitset.vcxproj]
    11>D:\projects\misis2023f-23-check\misis2024s-23-02-pishugin-d-s\prj.check\prj.check\doctest_bitset\doctest_bitset.cpp(126,7): error C2676: бинарный "[": "BitSet" не определяет этот оператор или преобразование к типу приемлемо к встроенному оператору [D:\projects\misis2023f-23-check\misis2024s-23-02-pishugin-d-s\build.check\prj.check\prj.check\doctest_bitset\doctest_bitset.vcxproj]
    11>D:\projects\misis2023f-23-check\misis2024s-23-02-pishugin-d-s\prj.check\prj.check\doctest_bitset\doctest_bitset.cpp(127,7): error C2676: бинарный "[": "BitSet" не определяет этот оператор или преобразование к типу приемлемо к встроенному оператору [D:\projects\misis2023f-23-check\misis2024s-23-02-pishugin-d-s\build.check\prj.check\prj.check\doctest_bitset\doctest_bitset.vcxproj]
    11>D:\projects\misis2023f-23-check\misis2024s-23-02-pishugin-d-s\prj.check\prj.check\doctest_bitset\doctest_bitset.cpp(128,3): error C2676: бинарный "[": "BitSet" не определяет этот оператор или преобразование к типу приемлемо к встроенному оператору [D:\projects\misis2023f-23-check\misis2024s-23-02-pishugin-d-s\build.check\prj.check\prj.check\doctest_bitset\doctest_bitset.vcxproj]
    11>D:\projects\misis2023f-23-check\misis2024s-23-02-pishugin-d-s\prj.check\prj.check\doctest_bitset\doctest_bitset.cpp(129,3): error C2676: бинарный "[": "BitSet" не определяет этот оператор или преобразование к типу приемлемо к встроенному оператору [D:\projects\misis2023f-23-check\misis2024s-23-02-pishugin-d-s\build.check\prj.check\prj.check\doctest_bitset\doctest_bitset.vcxproj]
    11>D:\projects\misis2023f-23-check\misis2024s-23-02-pishugin-d-s\prj.check\prj.check\doctest_bitset\doctest_bitset.cpp(130,3): error C2676: бинарный "[": "BitSet" не определяет этот оператор или преобразование к типу приемлемо к встроенному оператору [D:\projects\misis2023f-23-check\misis2024s-23-02-pishugin-d-s\build.check\prj.check\prj.check\doctest_bitset\doctest_bitset.vcxproj]
    11>D:\projects\misis2023f-23-check\misis2024s-23-02-pishugin-d-s\prj.check\prj.check\doctest_bitset\doctest_bitset.cpp(130,3): error C2672: "std::move": не найдена соответствующая перегруженная функция [D:\projects\misis2023f-23-check\misis2024s-23-02-pishugin-d-s\build.check\prj.check\prj.check\doctest_bitset\doctest_bitset.vcxproj]
    11>D:\projects\misis2023f-23-check\misis2024s-23-02-pishugin-d-s\prj.check\prj.check\doctest_bitset\doctest_bitset.cpp(131,3): error C2676: бинарный "[": "BitSet" не определяет этот оператор или преобразование к типу приемлемо к встроенному оператору [D:\projects\misis2023f-23-check\misis2024s-23-02-pishugin-d-s\build.check\prj.check\prj.check\doctest_bitset\doctest_bitset.vcxproj]
    11>D:\projects\misis2023f-23-check\misis2024s-23-02-pishugin-d-s\prj.check\prj.check\doctest_bitset\doctest_bitset.cpp(132,7): error C2676: бинарный "[": "BitSet" не определяет этот оператор или преобразование к типу приемлемо к встроенному оператору [D:\projects\misis2023f-23-check\misis2024s-23-02-pishugin-d-s\build.check\prj.check\prj.check\doctest_bitset\doctest_bitset.vcxproj]
    11>D:\projects\misis2023f-23-check\misis2024s-23-02-pishugin-d-s\prj.check\prj.check\doctest_bitset\doctest_bitset.cpp(133,3): error C2676: бинарный "[": "BitSet" не определяет этот оператор или преобразование к типу приемлемо к встроенному оператору [D:\projects\misis2023f-23-check\misis2024s-23-02-pishugin-d-s\build.check\prj.check\prj.check\doctest_bitset\doctest_bitset.vcxproj]
    11>D:\projects\misis2023f-23-check\misis2024s-23-02-pishugin-d-s\prj.check\prj.check\doctest_bitset\doctest_bitset.cpp(149,12): error C2676: бинарный "[": "BitSet" не определяет этот оператор или преобразование к типу приемлемо к встроенному оператору [D:\projects\misis2023f-23-check\misis2024s-23-02-pishugin-d-s\build.check\prj.check\prj.check\doctest_bitset\doctest_bitset.vcxproj]
    11>D:\projects\misis2023f-23-check\misis2024s-23-02-pishugin-d-s\prj.check\prj.check\doctest_bitset\doctest_bitset.cpp(150,21): error C2676: бинарный "[": "BitSet" не определяет этот оператор или преобразование к типу приемлемо к встроенному оператору [D:\projects\misis2023f-23-check\misis2024s-23-02-pishugin-d-s\build.check\prj.check\prj.check\doctest_bitset\doctest_bitset.vcxproj]
     5>D:\projects\misis2023f-23-check\misis2024s-23-02-pishugin-d-s\prj.check\prj.check\doctest_queuearr\doctest_queuearr.cpp(37,3): error C2065: QueueArr: необъявленный идентификатор [D:\projects\misis2023f-23-check\misis2024s-23-02-pishugin-d-s\build.check\prj.check\prj.check\doctest_queuearr\doctest_queuearr.vcxproj]
     5>D:\projects\misis2023f-23-check\misis2024s-23-02-pishugin-d-s\prj.check\prj.check\doctest_queuearr\doctest_queuearr.cpp(37,12): error C2146: синтаксическая ошибка: отсутствие ";" перед идентификатором "st" [D:\projects\misis2023f-23-check\misis2024s-23-02-pishugin-d-s\build.check\prj.check\prj.check\doctest_queuearr\doctest_queuearr.vcxproj]
     5>D:\projects\misis2023f-23-check\misis2024s-23-02-pishugin-d-s\prj.check\prj.check\doctest_queuearr\doctest_queuearr.cpp(37,12): error C2065: st: необъявленный идентификатор [D:\projects\misis2023f-23-check\misis2024s-23-02-pishugin-d-s\build.check\prj.check\prj.check\doctest_queuearr\doctest_queuearr.vcxproj]
     5>D:\projects\misis2023f-23-check\misis2024s-23-02-pishugin-d-s\prj.check\prj.check\doctest_queuearr\doctest_queuearr.cpp(41,3): error C2065: QueueArr: необъявленный идентификатор [D:\projects\misis2023f-23-check\misis2024s-23-02-pishugin-d-s\build.check\prj.check\prj.check\doctest_queuearr\doctest_queuearr.vcxproj]
     5>D:\projects\misis2023f-23-check\misis2024s-23-02-pishugin-d-s\prj.check\prj.check\doctest_queuearr\doctest_queuearr.cpp(41,12): error C2146: синтаксическая ошибка: отсутствие ";" перед идентификатором "st" [D:\projects\misis2023f-23-check\misis2024s-23-02-pishugin-d-s\build.check\prj.check\prj.check\doctest_queuearr\doctest_queuearr.vcxproj]
     5>D:\projects\misis2023f-23-check\misis2024s-23-02-pishugin-d-s\prj.check\prj.check\doctest_queuearr\doctest_queuearr.cpp(41,12): error C2065: st: необъявленный идентификатор [D:\projects\misis2023f-23-check\misis2024s-23-02-pishugin-d-s\build.check\prj.check\prj.check\doctest_queuearr\doctest_queuearr.vcxproj]
     5>D:\projects\misis2023f-23-check\misis2024s-23-02-pishugin-d-s\prj.check\prj.check\doctest_queuearr\doctest_queuearr.cpp(42,3): error C2065: st: необъявленный идентификатор [D:\projects\misis2023f-23-check\misis2024s-23-02-pishugin-d-s\build.check\prj.check\prj.check\doctest_queuearr\doctest_queuearr.vcxproj]
     5>D:\projects\misis2023f-23-check\misis2024s-23-02-pishugin-d-s\prj.check\prj.check\doctest_queuearr\doctest_queuearr.cpp(43,3): error C2065: st: необъявленный идентификатор [D:\projects\misis2023f-23-check\misis2024s-23-02-pishugin-d-s\build.check\prj.check\prj.check\doctest_queuearr\doctest_queuearr.vcxproj]
     5>D:\projects\misis2023f-23-check\misis2024s-23-02-pishugin-d-s\prj.check\prj.check\doctest_queuearr\doctest_queuearr.cpp(43,11): error C2065: Complex: необъявленный идентификатор [D:\projects\misis2023f-23-check\misis2024s-23-02-pishugin-d-s\build.check\prj.check\prj.check\doctest_queuearr\doctest_queuearr.vcxproj]
     5>D:\projects\misis2023f-23-check\misis2024s-23-02-pishugin-d-s\prj.check\prj.check\doctest_queuearr\doctest_queuearr.cpp(44,3): error C2065: st: необъявленный идентификатор [D:\projects\misis2023f-23-check\misis2024s-23-02-pishugin-d-s\build.check\prj.check\prj.check\doctest_queuearr\doctest_queuearr.vcxproj]
     5>D:\projects\misis2023f-23-check\misis2024s-23-02-pishugin-d-s\prj.check\prj.check\doctest_queuearr\doctest_queuearr.cpp(48,3): error C2065: QueueArr: необъявленный идентификатор [D:\projects\misis2023f-23-check\misis2024s-23-02-pishugin-d-s\build.check\prj.check\prj.check\doctest_queuearr\doctest_queuearr.vcxproj]
     5>D:\projects\misis2023f-23-check\misis2024s-23-02-pishugin-d-s\prj.check\prj.check\doctest_queuearr\doctest_queuearr.cpp(48,12): error C2146: синтаксическая ошибка: отсутствие ";" перед идентификатором "st_orig" [D:\projects\misis2023f-23-check\misis2024s-23-02-pishugin-d-s\build.check\prj.check\prj.check\doctest_queuearr\doctest_queuearr.vcxproj]
     5>D:\projects\misis2023f-23-check\misis2024s-23-02-pishugin-d-s\prj.check\prj.check\doctest_queuearr\doctest_queuearr.cpp(48,12): error C2065: st_orig: необъявленный идентификатор [D:\projects\misis2023f-23-check\misis2024s-23-02-pishugin-d-s\build.check\prj.check\prj.check\doctest_queuearr\doctest_queuearr.vcxproj]
     5>D:\projects\misis2023f-23-check\misis2024s-23-02-pishugin-d-s\prj.check\prj.check\doctest_queuearr\doctest_queuearr.cpp(49,3): error C2065: st_orig: необъявленный идентификатор [D:\projects\misis2023f-23-check\misis2024s-23-02-pishugin-d-s\build.check\prj.check\prj.check\doctest_queuearr\doctest_queuearr.vcxproj]
     5>D:\projects\misis2023f-23-check\misis2024s-23-02-pishugin-d-s\prj.check\prj.check\doctest_queuearr\doctest_queuearr.cpp(49,16): error C2065: Complex: необъявленный идентификатор [D:\projects\misis2023f-23-check\misis2024s-23-02-pishugin-d-s\build.check\prj.check\prj.check\doctest_queuearr\doctest_queuearr.vcxproj]
     5>D:\projects\misis2023f-23-check\misis2024s-23-02-pishugin-d-s\prj.check\prj.check\doctest_queuearr\doctest_queuearr.cpp(50,3): error C2065: st_orig: необъявленный идентификатор [D:\projects\misis2023f-23-check\misis2024s-23-02-pishugin-d-s\build.check\prj.check\prj.check\doctest_queuearr\doctest_queuearr.vcxproj]
     5>D:\projects\misis2023f-23-check\misis2024s-23-02-pishugin-d-s\prj.check\prj.check\doctest_queuearr\doctest_queuearr.cpp(51,3): error C2065: st_orig: необъявленный идентификатор [D:\projects\misis2023f-23-check\misis2024s-23-02-pishugin-d-s\build.check\prj.check\prj.check\doctest_queuearr\doctest_queuearr.vcxproj]
     5>D:\projects\misis2023f-23-check\misis2024s-23-02-pishugin-d-s\prj.check\prj.check\doctest_queuearr\doctest_queuearr.cpp(52,3): error C2065: st_orig: необъявленный идентификатор [D:\projects\misis2023f-23-check\misis2024s-23-02-pishugin-d-s\build.check\prj.check\prj.check\doctest_queuearr\doctest_queuearr.vcxproj]
     5>D:\projects\misis2023f-23-check\misis2024s-23-02-pishugin-d-s\prj.check\prj.check\doctest_queuearr\doctest_queuearr.cpp(53,3): error C2065: QueueArr: необъявленный идентификатор [D:\projects\misis2023f-23-check\misis2024s-23-02-pishugin-d-s\build.check\prj.check\prj.check\doctest_queuearr\doctest_queuearr.vcxproj]
     5>D:\projects\misis2023f-23-check\misis2024s-23-02-pishugin-d-s\prj.check\prj.check\doctest_queuearr\doctest_queuearr.cpp(53,12): error C2146: синтаксическая ошибка: отсутствие ";" перед идентификатором "st_src" [D:\projects\misis2023f-23-check\misis2024s-23-02-pishugin-d-s\build.check\prj.check\prj.check\doctest_queuearr\doctest_queuearr.vcxproj]
     5>D:\projects\misis2023f-23-check\misis2024s-23-02-pishugin-d-s\prj.check\prj.check\doctest_queuearr\doctest_queuearr.cpp(53,12): error C2065: st_src: необъявленный идентификатор [D:\projects\misis2023f-23-check\misis2024s-23-02-pishugin-d-s\build.check\prj.check\prj.check\doctest_queuearr\doctest_queuearr.vcxproj]
     5>D:\projects\misis2023f-23-check\misis2024s-23-02-pishugin-d-s\prj.check\prj.check\doctest_queuearr\doctest_queuearr.cpp(55,5): error C2065: st_src: необъявленный идентификатор [D:\projects\misis2023f-23-check\misis2024s-23-02-pishugin-d-s\build.check\prj.check\prj.check\doctest_queuearr\doctest_queuearr.vcxproj]
     5>D:\projects\misis2023f-23-check\misis2024s-23-02-pishugin-d-s\prj.check\prj.check\doctest_queuearr\doctest_queuearr.cpp(57,3): error C2065: st_src: необъявленный идентификатор [D:\projects\misis2023f-23-check\misis2024s-23-02-pishugin-d-s\build.check\prj.check\prj.check\doctest_queuearr\doctest_queuearr.vcxproj]
     5>D:\projects\misis2023f-23-check\misis2024s-23-02-pishugin-d-s\prj.check\prj.check\doctest_queuearr\doctest_queuearr.cpp(58,3): error C2065: st_orig: необъявленный идентификатор [D:\projects\misis2023f-23-check\misis2024s-23-02-pishugin-d-s\build.check\prj.check\prj.check\doctest_queuearr\doctest_queuearr.vcxproj]
     5>D:\projects\misis2023f-23-check\misis2024s-23-02-pishugin-d-s\prj.check\prj.check\doctest_queuearr\doctest_queuearr.cpp(58,13): error C2065: st_src: необъявленный идентификатор [D:\projects\misis2023f-23-check\misis2024s-23-02-pishugin-d-s\build.check\prj.check\prj.check\doctest_queuearr\doctest_queuearr.vcxproj]
     5>D:\projects\misis2023f-23-check\misis2024s-23-02-pishugin-d-s\prj.check\prj.check\doctest_queuearr\doctest_queuearr.cpp(62,3): error C2065: QueueArr: необъявленный идентификатор [D:\projects\misis2023f-23-check\misis2024s-23-02-pishugin-d-s\build.check\prj.check\prj.check\doctest_queuearr\doctest_queuearr.vcxproj]
     5>D:\projects\misis2023f-23-check\misis2024s-23-02-pishugin-d-s\prj.check\prj.check\doctest_queuearr\doctest_queuearr.cpp(62,12): error C2146: синтаксическая ошибка: отсутствие ";" перед идентификатором "st_orig" [D:\projects\misis2023f-23-check\misis2024s-23-02-pishugin-d-s\build.check\prj.check\prj.check\doctest_queuearr\doctest_queuearr.vcxproj]
     5>D:\projects\misis2023f-23-check\misis2024s-23-02-pishugin-d-s\prj.check\prj.check\doctest_queuearr\doctest_queuearr.cpp(62,12): error C2065: st_orig: необъявленный идентификатор [D:\projects\misis2023f-23-check\misis2024s-23-02-pishugin-d-s\build.check\prj.check\prj.check\doctest_queuearr\doctest_queuearr.vcxproj]
     5>D:\projects\misis2023f-23-check\misis2024s-23-02-pishugin-d-s\prj.check\prj.check\doctest_queuearr\doctest_queuearr.cpp(63,3): error C2065: QueueArr: необъявленный идентификатор [D:\projects\misis2023f-23-check\misis2024s-23-02-pishugin-d-s\build.check\prj.check\prj.check\doctest_queuearr\doctest_queuearr.vcxproj]
     5>D:\projects\misis2023f-23-check\misis2024s-23-02-pishugin-d-s\prj.check\prj.check\doctest_queuearr\doctest_queuearr.cpp(63,12): error C2146: синтаксическая ошибка: отсутствие ";" перед идентификатором "st_empty" [D:\projects\misis2023f-23-check\misis2024s-23-02-pishugin-d-s\build.check\prj.check\prj.check\doctest_queuearr\doctest_queuearr.vcxproj]
     5>D:\projects\misis2023f-23-check\misis2024s-23-02-pishugin-d-s\prj.check\prj.check\doctest_queuearr\doctest_queuearr.cpp(63,21): error C2065: st_orig: необъявленный идентификатор [D:\projects\misis2023f-23-check\misis2024s-23-02-pishugin-d-s\build.check\prj.check\prj.check\doctest_queuearr\doctest_queuearr.vcxproj]
     5>D:\projects\misis2023f-23-check\misis2024s-23-02-pishugin-d-s\prj.check\prj.check\doctest_queuearr\doctest_queuearr.cpp(63,12): error C3861: st_empty: идентификатор не найден [D:\projects\misis2023f-23-check\misis2024s-23-02-pishugin-d-s\build.check\prj.check\prj.check\doctest_queuearr\doctest_queuearr.vcxproj]
     5>D:\projects\misis2023f-23-check\misis2024s-23-02-pishugin-d-s\prj.check\prj.check\doctest_queuearr\doctest_queuearr.cpp(64,3): error C2065: st_empty: необъявленный идентификатор [D:\projects\misis2023f-23-check\misis2024s-23-02-pishugin-d-s\build.check\prj.check\prj.check\doctest_queuearr\doctest_queuearr.vcxproj]
     5>D:\projects\misis2023f-23-check\misis2024s-23-02-pishugin-d-s\prj.check\prj.check\doctest_queuearr\doctest_queuearr.cpp(67,5): error C2065: st_orig: необъявленный идентификатор [D:\projects\misis2023f-23-check\misis2024s-23-02-pishugin-d-s\build.check\prj.check\prj.check\doctest_queuearr\doctest_queuearr.vcxproj]
     5>D:\projects\misis2023f-23-check\misis2024s-23-02-pishugin-d-s\prj.check\prj.check\doctest_queuearr\doctest_queuearr.cpp(68,5): error C2065: st_orig: необъявленный идентификатор [D:\projects\misis2023f-23-check\misis2024s-23-02-pishugin-d-s\build.check\prj.check\prj.check\doctest_queuearr\doctest_queuearr.vcxproj]
     5>D:\projects\misis2023f-23-check\misis2024s-23-02-pishugin-d-s\prj.check\prj.check\doctest_queuearr\doctest_queuearr.cpp(69,5): error C2065: st_orig: необъявленный идентификатор [D:\projects\misis2023f-23-check\misis2024s-23-02-pishugin-d-s\build.check\prj.check\prj.check\doctest_queuearr\doctest_queuearr.vcxproj]
     5>D:\projects\misis2023f-23-check\misis2024s-23-02-pishugin-d-s\prj.check\prj.check\doctest_queuearr\doctest_queuearr.cpp(70,5): error C2065: st_orig: необъявленный идентификатор [D:\projects\misis2023f-23-check\misis2024s-23-02-pishugin-d-s\build.check\prj.check\prj.check\doctest_queuearr\doctest_queuearr.vcxproj]
     5>D:\projects\misis2023f-23-check\misis2024s-23-02-pishugin-d-s\prj.check\prj.check\doctest_queuearr\doctest_queuearr.cpp(71,5): error C2065: QueueArr: необъявленный идентификатор [D:\projects\misis2023f-23-check\misis2024s-23-02-pishugin-d-s\build.check\prj.check\prj.check\doctest_queuearr\doctest_queuearr.vcxproj]
     5>D:\projects\misis2023f-23-check\misis2024s-23-02-pishugin-d-s\prj.check\prj.check\doctest_queuearr\doctest_queuearr.cpp(71,14): error C2146: синтаксическая ошибка: отсутствие ";" перед идентификатором "st_copy" [D:\projects\misis2023f-23-check\misis2024s-23-02-pishugin-d-s\build.check\prj.check\prj.check\doctest_queuearr\doctest_queuearr.vcxproj]
     5>D:\projects\misis2023f-23-check\misis2024s-23-02-pishugin-d-s\prj.check\prj.check\doctest_queuearr\doctest_queuearr.cpp(71,22): error C2065: st_orig: необъявленный идентификатор [D:\projects\misis2023f-23-check\misis2024s-23-02-pishugin-d-s\build.check\prj.check\prj.check\doctest_queuearr\doctest_queuearr.vcxproj]
     5>D:\projects\misis2023f-23-check\misis2024s-23-02-pishugin-d-s\prj.check\prj.check\doctest_queuearr\doctest_queuearr.cpp(71,14): error C3861: st_copy: идентификатор не найден [D:\projects\misis2023f-23-check\misis2024s-23-02-pishugin-d-s\build.check\prj.check\prj.check\doctest_queuearr\doctest_queuearr.vcxproj]
     5>D:\projects\misis2023f-23-check\misis2024s-23-02-pishugin-d-s\prj.check\prj.check\doctest_queuearr\doctest_queuearr.cpp(72,5): error C2065: st_copy: необъявленный идентификатор [D:\projects\misis2023f-23-check\misis2024s-23-02-pishugin-d-s\build.check\prj.check\prj.check\doctest_queuearr\doctest_queuearr.vcxproj]
     5>D:\projects\misis2023f-23-check\misis2024s-23-02-pishugin-d-s\prj.check\prj.check\doctest_queuearr\doctest_queuearr.cpp(73,5): error C2065: st_orig: необъявленный идентификатор [D:\projects\misis2023f-23-check\misis2024s-23-02-pishugin-d-s\build.check\prj.check\prj.check\doctest_queuearr\doctest_queuearr.vcxproj]
     5>D:\projects\misis2023f-23-check\misis2024s-23-02-pishugin-d-s\prj.check\prj.check\doctest_queuearr\doctest_queuearr.cpp(73,5): error C2065: st_copy: необъявленный идентификатор [D:\projects\misis2023f-23-check\misis2024s-23-02-pishugin-d-s\build.check\prj.check\prj.check\doctest_queuearr\doctest_queuearr.vcxproj]
     5>D:\projects\misis2023f-23-check\misis2024s-23-02-pishugin-d-s\prj.check\prj.check\doctest_queuearr\doctest_queuearr.cpp(73,5): error C2672: "doctest::detail::ResultBuilder::binary_assert": не найдена соответствующая перегруженная функция [D:\projects\misis2023f-23-check\misis2024s-23-02-pishugin-d-s\build.check\prj.check\prj.check\doctest_queuearr\doctest_queuearr.vcxproj]
     5>D:\projects\misis2023f-23-check\misis2024s-23-02-pishugin-d-s\prj.check\prj.check\doctest_queuearr\doctest_queuearr.cpp(74,5): error C2065: st_orig: необъявленный идентификатор [D:\projects\misis2023f-23-check\misis2024s-23-02-pishugin-d-s\build.check\prj.check\prj.check\doctest_queuearr\doctest_queuearr.vcxproj]
     5>D:\projects\misis2023f-23-check\misis2024s-23-02-pishugin-d-s\prj.check\prj.check\doctest_queuearr\doctest_queuearr.cpp(74,5): error C2065: st_copy: необъявленный идентификатор [D:\projects\misis2023f-23-check\misis2024s-23-02-pishugin-d-s\build.check\prj.check\prj.check\doctest_queuearr\doctest_queuearr.vcxproj]
     5>D:\projects\misis2023f-23-check\misis2024s-23-02-pishugin-d-s\prj.check\prj.check\doctest_queuearr\doctest_queuearr.cpp(74,5): error C2672: "doctest::detail::ResultBuilder::binary_assert": не найдена соответствующая перегруженная функция [D:\projects\misis2023f-23-check\misis2024s-23-02-pishugin-d-s\build.check\prj.check\prj.check\doctest_queuearr\doctest_queuearr.vcxproj]
     5>D:\projects\misis2023f-23-check\misis2024s-23-02-pishugin-d-s\prj.check\prj.check\doctest_queuearr\doctest_queuearr.cpp(75,5): error C2065: st_copy: необъявленный идентификатор [D:\projects\misis2023f-23-check\misis2024s-23-02-pishugin-d-s\build.check\prj.check\prj.check\doctest_queuearr\doctest_queuearr.vcxproj]
     5>D:\projects\misis2023f-23-check\misis2024s-23-02-pishugin-d-s\prj.check\prj.check\doctest_queuearr\doctest_queuearr.cpp(76,5): error C2065: st_orig: необъявленный идентификатор [D:\projects\misis2023f-23-check\misis2024s-23-02-pishugin-d-s\build.check\prj.check\prj.check\doctest_queuearr\doctest_queuearr.vcxproj]
     5>D:\projects\misis2023f-23-check\misis2024s-23-02-pishugin-d-s\prj.check\prj.check\doctest_queuearr\doctest_queuearr.cpp(76,5): error C2065: st_copy: необъявленный идентификатор [D:\projects\misis2023f-23-check\misis2024s-23-02-pishugin-d-s\build.check\prj.check\prj.check\doctest_queuearr\doctest_queuearr.vcxproj]
     5>D:\projects\misis2023f-23-check\misis2024s-23-02-pishugin-d-s\prj.check\prj.check\doctest_queuearr\doctest_queuearr.cpp(76,5): error C2672: "doctest::detail::ResultBuilder::binary_assert": не найдена соответствующая перегруженная функция [D:\projects\misis2023f-23-check\misis2024s-23-02-pishugin-d-s\build.check\prj.check\prj.check\doctest_queuearr\doctest_queuearr.vcxproj]
     5>D:\projects\misis2023f-23-check\misis2024s-23-02-pishugin-d-s\prj.check\prj.check\doctest_queuearr\doctest_queuearr.cpp(77,5): error C2065: st_orig: необъявленный идентификатор [D:\projects\misis2023f-23-check\misis2024s-23-02-pishugin-d-s\build.check\prj.check\prj.check\doctest_queuearr\doctest_queuearr.vcxproj]
     5>D:\projects\misis2023f-23-check\misis2024s-23-02-pishugin-d-s\prj.check\prj.check\doctest_queuearr\doctest_queuearr.cpp(77,5): error C2065: st_copy: необъявленный идентификатор [D:\projects\misis2023f-23-check\misis2024s-23-02-pishugin-d-s\build.check\prj.check\prj.check\doctest_queuearr\doctest_queuearr.vcxproj]
     5>D:\projects\misis2023f-23-check\misis2024s-23-02-pishugin-d-s\prj.check\prj.check\doctest_queuearr\doctest_queuearr.cpp(77,5): error C2672: "doctest::detail::ResultBuilder::binary_assert": не найдена соответствующая перегруженная функция [D:\projects\misis2023f-23-check\misis2024s-23-02-pishugin-d-s\build.check\prj.check\prj.check\doctest_queuearr\doctest_queuearr.vcxproj]
     5>D:\projects\misis2023f-23-check\misis2024s-23-02-pishugin-d-s\prj.check\prj.check\doctest_queuearr\doctest_queuearr.cpp(78,13): error C2065: st_orig: необъявленный идентификатор [D:\projects\misis2023f-23-check\misis2024s-23-02-pishugin-d-s\build.check\prj.check\prj.check\doctest_queuearr\doctest_queuearr.vcxproj]
     5>D:\projects\misis2023f-23-check\misis2024s-23-02-pishugin-d-s\prj.check\prj.check\doctest_queuearr\doctest_queuearr.cpp(79,7): error C2065: st_orig: необъявленный идентификатор [D:\projects\misis2023f-23-check\misis2024s-23-02-pishugin-d-s\build.check\prj.check\prj.check\doctest_queuearr\doctest_queuearr.vcxproj]
     5>D:\projects\misis2023f-23-check\misis2024s-23-02-pishugin-d-s\prj.check\prj.check\doctest_queuearr\doctest_queuearr.cpp(80,12): error C2065: st_orig: необъявленный идентификатор [D:\projects\misis2023f-23-check\misis2024s-23-02-pishugin-d-s\build.check\prj.check\prj.check\doctest_queuearr\doctest_queuearr.vcxproj]
     5>D:\projects\misis2023f-23-check\misis2024s-23-02-pishugin-d-s\prj.check\prj.check\doctest_queuearr\doctest_queuearr.cpp(81,9): error C2065: st_orig: необъявленный идентификатор [D:\projects\misis2023f-23-check\misis2024s-23-02-pishugin-d-s\build.check\prj.check\prj.check\doctest_queuearr\doctest_queuearr.vcxproj]
     5>D:\projects\misis2023f-23-check\misis2024s-23-02-pishugin-d-s\prj.check\prj.check\doctest_queuearr\doctest_queuearr.cpp(81,9): error C2065: st_copy: необъявленный идентификатор [D:\projects\misis2023f-23-check\misis2024s-23-02-pishugin-d-s\build.check\prj.check\prj.check\doctest_queuearr\doctest_queuearr.vcxproj]
     5>D:\projects\misis2023f-23-check\misis2024s-23-02-pishugin-d-s\prj.check\prj.check\doctest_queuearr\doctest_queuearr.cpp(81,9): error C2672: "doctest::detail::ResultBuilder::binary_assert": не найдена соответствующая перегруженная функция [D:\projects\misis2023f-23-check\misis2024s-23-02-pishugin-d-s\build.check\prj.check\prj.check\doctest_queuearr\doctest_queuearr.vcxproj]
     5>D:\projects\misis2023f-23-check\misis2024s-23-02-pishugin-d-s\prj.check\prj.check\doctest_queuearr\doctest_queuearr.cpp(83,7): error C2065: st_copy: необъявленный идентификатор [D:\projects\misis2023f-23-check\misis2024s-23-02-pishugin-d-s\build.check\prj.check\prj.check\doctest_queuearr\doctest_queuearr.vcxproj]
     5>D:\projects\misis2023f-23-check\misis2024s-23-02-pishugin-d-s\prj.check\prj.check\doctest_queuearr\doctest_queuearr.cpp(84,12): error C2065: st_copy: необъявленный идентификатор [D:\projects\misis2023f-23-check\misis2024s-23-02-pishugin-d-s\build.check\prj.check\prj.check\doctest_queuearr\doctest_queuearr.vcxproj]
     5>D:\projects\misis2023f-23-check\misis2024s-23-02-pishugin-d-s\prj.check\prj.check\doctest_queuearr\doctest_queuearr.cpp(85,9): error C2065: st_orig: необъявленный идентификатор [D:\projects\misis2023f-23-check\misis2024s-23-02-pishugin-d-s\build.check\prj.check\prj.check\doctest_queuearr\doctest_queuearr.vcxproj]
     5>D:\projects\misis2023f-23-check\misis2024s-23-02-pishugin-d-s\prj.check\prj.check\doctest_queuearr\doctest_queuearr.cpp(85,9): error C2065: st_copy: необъявленный идентификатор [D:\projects\misis2023f-23-check\misis2024s-23-02-pishugin-d-s\build.check\prj.check\prj.check\doctest_queuearr\doctest_queuearr.vcxproj]
     5>D:\projects\misis2023f-23-check\misis2024s-23-02-pishugin-d-s\prj.check\prj.check\doctest_queuearr\doctest_queuearr.cpp(85,9): error C2672: "doctest::detail::ResultBuilder::binary_assert": не найдена соответствующая перегруженная функция [D:\projects\misis2023f-23-check\misis2024s-23-02-pishugin-d-s\build.check\prj.check\prj.check\doctest_queuearr\doctest_queuearr.vcxproj]
     5>D:\projects\misis2023f-23-check\misis2024s-23-02-pishugin-d-s\prj.check\prj.check\doctest_queuearr\doctest_queuearr.cpp(91,5): error C2065: st_orig: необъявленный идентификатор [D:\projects\misis2023f-23-check\misis2024s-23-02-pishugin-d-s\build.check\prj.check\prj.check\doctest_queuearr\doctest_queuearr.vcxproj]
     5>D:\projects\misis2023f-23-check\misis2024s-23-02-pishugin-d-s\prj.check\prj.check\doctest_queuearr\doctest_queuearr.cpp(91,18): error C2065: Complex: необъявленный идентификатор [D:\projects\misis2023f-23-check\misis2024s-23-02-pishugin-d-s\build.check\prj.check\prj.check\doctest_queuearr\doctest_queuearr.vcxproj]
     5>D:\projects\misis2023f-23-check\misis2024s-23-02-pishugin-d-s\prj.check\prj.check\doctest_queuearr\doctest_queuearr.cpp(93,3): error C2065: st_orig: необъявленный идентификатор [D:\projects\misis2023f-23-check\misis2024s-23-02-pishugin-d-s\build.check\prj.check\prj.check\doctest_queuearr\doctest_queuearr.vcxproj]
     5>D:\projects\misis2023f-23-check\misis2024s-23-02-pishugin-d-s\prj.check\prj.check\doctest_queuearr\doctest_queuearr.cpp(94,3): error C2065: QueueArr: необъявленный идентификатор [D:\projects\misis2023f-23-check\misis2024s-23-02-pishugin-d-s\build.check\prj.check\prj.check\doctest_queuearr\doctest_queuearr.vcxproj]
     5>D:\projects\misis2023f-23-check\misis2024s-23-02-pishugin-d-s\prj.check\prj.check\doctest_queuearr\doctest_queuearr.cpp(94,12): error C2146: синтаксическая ошибка: отсутствие ";" перед идентификатором "st_copy" [D:\projects\misis2023f-23-check\misis2024s-23-02-pishugin-d-s\build.check\prj.check\prj.check\doctest_queuearr\doctest_queuearr.vcxproj]
     5>D:\projects\misis2023f-23-check\misis2024s-23-02-pishugin-d-s\prj.check\prj.check\doctest_queuearr\doctest_queuearr.cpp(94,20): error C2065: st_orig: необъявленный идентификатор [D:\projects\misis2023f-23-check\misis2024s-23-02-pishugin-d-s\build.check\prj.check\prj.check\doctest_queuearr\doctest_queuearr.vcxproj]
     5>D:\projects\misis2023f-23-check\misis2024s-23-02-pishugin-d-s\prj.check\prj.check\doctest_queuearr\doctest_queuearr.cpp(94,12): error C3861: st_copy: идентификатор не найден [D:\projects\misis2023f-23-check\misis2024s-23-02-pishugin-d-s\build.check\prj.check\prj.check\doctest_queuearr\doctest_queuearr.vcxproj]
     5>D:\projects\misis2023f-23-check\misis2024s-23-02-pishugin-d-s\prj.check\prj.check\doctest_queuearr\doctest_queuearr.cpp(95,3): error C2065: st_copy: необъявленный идентификатор [D:\projects\misis2023f-23-check\misis2024s-23-02-pishugin-d-s\build.check\prj.check\prj.check\doctest_queuearr\doctest_queuearr.vcxproj]
     5>D:\projects\misis2023f-23-check\misis2024s-23-02-pishugin-d-s\prj.check\prj.check\doctest_queuearr\doctest_queuearr.cpp(96,3): error C2065: st_orig: необъявленный идентификатор [D:\projects\misis2023f-23-check\misis2024s-23-02-pishugin-d-s\build.check\prj.check\prj.check\doctest_queuearr\doctest_queuearr.vcxproj]
     5>D:\projects\misis2023f-23-check\misis2024s-23-02-pishugin-d-s\prj.check\prj.check\doctest_queuearr\doctest_queuearr.cpp(96,3): error C2065: st_copy: необъявленный идентификатор [D:\projects\misis2023f-23-check\misis2024s-23-02-pishugin-d-s\build.check\prj.check\prj.check\doctest_queuearr\doctest_queuearr.vcxproj]
     5>D:\projects\misis2023f-23-check\misis2024s-23-02-pishugin-d-s\prj.check\prj.check\doctest_queuearr\doctest_queuearr.cpp(96,3): error C2672: "doctest::detail::ResultBuilder::binary_assert": не найдена соответствующая перегруженная функция [D:\projects\misis2023f-23-check\misis2024s-23-02-pishugin-d-s\build.check\prj.check\prj.check\doctest_queuearr\doctest_queuearr.vcxproj]
     5>D:\projects\misis2023f-23-check\misis2024s-23-02-pishugin-d-s\prj.check\prj.check\doctest_queuearr\doctest_queuearr.cpp(97,3): error C2065: st_orig: необъявленный идентификатор [D:\projects\misis2023f-23-check\misis2024s-23-02-pishugin-d-s\build.check\prj.check\prj.check\doctest_queuearr\doctest_queuearr.vcxproj]
     5>D:\projects\misis2023f-23-check\misis2024s-23-02-pishugin-d-s\prj.check\prj.check\doctest_queuearr\doctest_queuearr.cpp(97,3): error C2065: st_copy: необъявленный идентификатор [D:\projects\misis2023f-23-check\misis2024s-23-02-pishugin-d-s\build.check\prj.check\prj.check\doctest_queuearr\doctest_queuearr.vcxproj]
     5>D:\projects\misis2023f-23-check\misis2024s-23-02-pishugin-d-s\prj.check\prj.check\doctest_queuearr\doctest_queuearr.cpp(97,3): error C2672: "doctest::detail::ResultBuilder::binary_assert": не найдена соответствующая перегруженная функция [D:\projects\misis2023f-23-check\misis2024s-23-02-pishugin-d-s\build.check\prj.check\prj.check\doctest_queuearr\doctest_queuearr.vcxproj]
     5>D:\projects\misis2023f-23-check\misis2024s-23-02-pishugin-d-s\prj.check\prj.check\doctest_queuearr\doctest_queuearr.cpp(98,3): error C2065: st_copy: необъявленный идентификатор [D:\projects\misis2023f-23-check\misis2024s-23-02-pishugin-d-s\build.check\prj.check\prj.check\doctest_queuearr\doctest_queuearr.vcxproj]
     5>D:\projects\misis2023f-23-check\misis2024s-23-02-pishugin-d-s\prj.check\prj.check\doctest_queuearr\doctest_queuearr.cpp(99,3): error C2065: st_orig: необъявленный идентификатор [D:\projects\misis2023f-23-check\misis2024s-23-02-pishugin-d-s\build.check\prj.check\prj.check\doctest_queuearr\doctest_queuearr.vcxproj]
     5>D:\projects\misis2023f-23-check\misis2024s-23-02-pishugin-d-s\prj.check\prj.check\doctest_queuearr\doctest_queuearr.cpp(99,3): error C2065: st_copy: необъявленный идентификатор [D:\projects\misis2023f-23-check\misis2024s-23-02-pishugin-d-s\build.check\prj.check\prj.check\doctest_queuearr\doctest_queuearr.vcxproj]
     5>D:\projects\misis2023f-23-check\misis2024s-23-02-pishugin-d-s\prj.check\prj.check\doctest_queuearr\doctest_queuearr.cpp(99,3): error C2672: "doctest::detail::ResultBuilder::binary_assert": не найдена соответствующая перегруженная функция [D:\projects\misis2023f-23-check\misis2024s-23-02-pishugin-d-s\build.check\prj.check\prj.check\doctest_queuearr\doctest_queuearr.vcxproj]
     5>D:\projects\misis2023f-23-check\misis2024s-23-02-pishugin-d-s\prj.check\prj.check\doctest_queuearr\doctest_queuearr.cpp(100,3): error C2065: st_orig: необъявленный идентификатор [D:\projects\misis2023f-23-check\misis2024s-23-02-pishugin-d-s\build.check\prj.check\prj.check\doctest_queuearr\doctest_queuearr.vcxproj]
     5>D:\projects\misis2023f-23-check\misis2024s-23-02-pishugin-d-s\prj.check\prj.check\doctest_queuearr\doctest_queuearr.cpp(100,3): error C2065: st_copy: необъявленный идентификатор [D:\projects\misis2023f-23-check\misis2024s-23-02-pishugin-d-s\build.check\prj.check\prj.check\doctest_queuearr\doctest_queuearr.vcxproj]
     5>D:\projects\misis2023f-23-check\misis2024s-23-02-pishugin-d-s\prj.check\prj.check\doctest_queuearr\doctest_queuearr.cpp(100,3): error C2672: "doctest::detail::ResultBuilder::binary_assert": не найдена соответствующая перегруженная функция [D:\projects\misis2023f-23-check\misis2024s-23-02-pishugin-d-s\build.check\prj.check\prj.check\doctest_queuearr\doctest_queuearr.vcxproj]
     5>D:\projects\misis2023f-23-check\misis2024s-23-02-pishugin-d-s\prj.check\prj.check\doctest_queuearr\doctest_queuearr.cpp(101,11): error C2065: st_orig: необъявленный идентификатор [D:\projects\misis2023f-23-check\misis2024s-23-02-pishugin-d-s\build.check\prj.check\prj.check\doctest_queuearr\doctest_queuearr.vcxproj]
     5>D:\projects\misis2023f-23-check\misis2024s-23-02-pishugin-d-s\prj.check\prj.check\doctest_queuearr\doctest_queuearr.cpp(102,5): error C2065: st_orig: необъявленный идентификатор [D:\projects\misis2023f-23-check\misis2024s-23-02-pishugin-d-s\build.check\prj.check\prj.check\doctest_queuearr\doctest_queuearr.vcxproj]
     5>D:\projects\misis2023f-23-check\misis2024s-23-02-pishugin-d-s\prj.check\prj.check\doctest_queuearr\doctest_queuearr.cpp(103,10): error C2065: st_orig: необъявленный идентификатор [D:\projects\misis2023f-23-check\misis2024s-23-02-pishugin-d-s\build.check\prj.check\prj.check\doctest_queuearr\doctest_queuearr.vcxproj]
     5>D:\projects\misis2023f-23-check\misis2024s-23-02-pishugin-d-s\prj.check\prj.check\doctest_queuearr\doctest_queuearr.cpp(104,7): error C2065: st_orig: необъявленный идентификатор [D:\projects\misis2023f-23-check\misis2024s-23-02-pishugin-d-s\build.check\prj.check\prj.check\doctest_queuearr\doctest_queuearr.vcxproj]
     5>D:\projects\misis2023f-23-check\misis2024s-23-02-pishugin-d-s\prj.check\prj.check\doctest_queuearr\doctest_queuearr.cpp(104,7): error C2065: st_copy: необъявленный идентификатор [D:\projects\misis2023f-23-check\misis2024s-23-02-pishugin-d-s\build.check\prj.check\prj.check\doctest_queuearr\doctest_queuearr.vcxproj]
     5>D:\projects\misis2023f-23-check\misis2024s-23-02-pishugin-d-s\prj.check\prj.check\doctest_queuearr\doctest_queuearr.cpp(104,7): error C2672: "doctest::detail::ResultBuilder::binary_assert": не найдена соответствующая перегруженная функция [D:\projects\misis2023f-23-check\misis2024s-23-02-pishugin-d-s\build.check\prj.check\prj.check\doctest_queuearr\doctest_queuearr.vcxproj]
     5>D:\projects\misis2023f-23-check\misis2024s-23-02-pishugin-d-s\prj.check\prj.check\doctest_queuearr\doctest_queuearr.cpp(106,5): error C2065: st_copy: необъявленный идентификатор [D:\projects\misis2023f-23-check\misis2024s-23-02-pishugin-d-s\build.check\prj.check\prj.check\doctest_queuearr\doctest_queuearr.vcxproj]
     5>D:\projects\misis2023f-23-check\misis2024s-23-02-pishugin-d-s\prj.check\prj.check\doctest_queuearr\doctest_queuearr.cpp(107,10): error C2065: st_copy: необъявленный идентификатор [D:\projects\misis2023f-23-check\misis2024s-23-02-pishugin-d-s\build.check\prj.check\prj.check\doctest_queuearr\doctest_queuearr.vcxproj]
     5>D:\projects\misis2023f-23-check\misis2024s-23-02-pishugin-d-s\prj.check\prj.check\doctest_queuearr\doctest_queuearr.cpp(108,7): error C2065: st_orig: необъявленный идентификатор [D:\projects\misis2023f-23-check\misis2024s-23-02-pishugin-d-s\build.check\prj.check\prj.check\doctest_queuearr\doctest_queuearr.vcxproj]
     5>D:\projects\misis2023f-23-check\misis2024s-23-02-pishugin-d-s\prj.check\prj.check\doctest_queuearr\doctest_queuearr.cpp(108,7): error C2065: st_copy: необъявленный идентификатор [D:\projects\misis2023f-23-check\misis2024s-23-02-pishugin-d-s\build.check\prj.check\prj.check\doctest_queuearr\doctest_queuearr.vcxproj]
     5>D:\projects\misis2023f-23-check\misis2024s-23-02-pishugin-d-s\prj.check\prj.check\doctest_queuearr\doctest_queuearr.cpp(108,7): error C2672: "doctest::detail::ResultBuilder::binary_assert": не найдена соответствующая перегруженная функция [D:\projects\misis2023f-23-check\misis2024s-23-02-pishugin-d-s\build.check\prj.check\prj.check\doctest_queuearr\doctest_queuearr.vcxproj]
     5>D:\projects\misis2023f-23-check\misis2024s-23-02-pishugin-d-s\prj.check\prj.check\doctest_queuearr\doctest_queuearr.cpp(114,3): error C2065: QueueArr: необъявленный идентификатор [D:\projects\misis2023f-23-check\misis2024s-23-02-pishugin-d-s\build.check\prj.check\prj.check\doctest_queuearr\doctest_queuearr.vcxproj]
     5>D:\projects\misis2023f-23-check\misis2024s-23-02-pishugin-d-s\prj.check\prj.check\doctest_queuearr\doctest_queuearr.cpp(114,12): error C2146: синтаксическая ошибка: отсутствие ";" перед идентификатором "st_orig" [D:\projects\misis2023f-23-check\misis2024s-23-02-pishugin-d-s\build.check\prj.check\prj.check\doctest_queuearr\doctest_queuearr.vcxproj]
     5>D:\projects\misis2023f-23-check\misis2024s-23-02-pishugin-d-s\prj.check\prj.check\doctest_queuearr\doctest_queuearr.cpp(114,12): error C2065: st_orig: необъявленный идентификатор [D:\projects\misis2023f-23-check\misis2024s-23-02-pishugin-d-s\build.check\prj.check\prj.check\doctest_queuearr\doctest_queuearr.vcxproj]
     5>D:\projects\misis2023f-23-check\misis2024s-23-02-pishugin-d-s\prj.check\prj.check\doctest_queuearr\doctest_queuearr.cpp(114,12): error C1003: число ошибок превышает 100; остановка компиляции [D:\projects\misis2023f-23-check\misis2024s-23-02-pishugin-d-s\build.check\prj.check\prj.check\doctest_queuearr\doctest_queuearr.vcxproj]
    24>D:\projects\misis2023f-23-check\misis2024s-23-02-pishugin-d-s\prj.check\prj.check\doctest_stacklst\doctest_stacklst.cpp(3,10): error C1083: Не удается открыть файл включение: stacklst/stacklst.hpp: No such file or directory, [D:\projects\misis2023f-23-check\misis2024s-23-02-pishugin-d-s\build.check\prj.check\prj.check\doctest_stacklst\doctest_stacklst.vcxproj]
    13>D:\projects\misis2023f-23-check\misis2024s-23-02-pishugin-d-s\prj.check\prj.check\doctest_queuearr\doctest_queuearr_moveable.cpp(8,1): error C2065: QueueArr: необъявленный идентификатор [D:\projects\misis2023f-23-check\misis2024s-23-02-pishugin-d-s\build.check\prj.check\prj.check\doctest_queuearr\doctest_queuearr_m.vcxproj]
    13>D:\projects\misis2023f-23-check\misis2024s-23-02-pishugin-d-s\prj.check\prj.check\doctest_queuearr\doctest_queuearr_moveable.cpp(8,1): error C3544: "Types": пакет параметров ожидает аргумент шаблона типа [D:\projects\misis2023f-23-check\misis2024s-23-02-pishugin-d-s\build.check\prj.check\prj.check\doctest_queuearr\doctest_queuearr_m.vcxproj]
    26>D:\projects\misis2023f-23-check\misis2024s-23-02-pishugin-d-s\prj.check\prj.check\doctest_stacklst\doctest_stacklst_moveable.cpp(3,10): error C1083: Не удается открыть файл включение: stacklst/stacklst.hpp: No such file or directory, [D:\projects\misis2023f-23-check\misis2024s-23-02-pishugin-d-s\build.check\prj.check\prj.check\doctest_stacklst\doctest_stacklst_m.vcxproj]
    13>D:\projects\misis2023f-23-check\misis2024s-23-02-pishugin-d-s\prj.check\prj.check\doctest_queuearr\doctest_queuearr_moveable.cpp(8,1): error C3203: "tuple": неспециализированный класс шаблон нельзя использовать в качестве аргумента шаблон для параметра шаблон "Tuple", требуется действительный тип [D:\projects\misis2023f-23-check\misis2024s-23-02-pishugin-d-s\build.check\prj.check\prj.check\doctest_queuearr\doctest_queuearr_m.vcxproj]
    13>D:\projects\misis2023f-23-check\misis2024s-23-02-pishugin-d-s\prj.check\prj.check\doctest_queuearr\doctest_queuearr_moveable.cpp(8,1): error C2027: использование неопределенного типа "`anonymous-namespace'::test_movableITERATOR<int>" [D:\projects\misis2023f-23-check\misis2024s-23-02-pishugin-d-s\build.check\prj.check\prj.check\doctest_queuearr\doctest_queuearr_m.vcxproj]
    13>D:\projects\misis2023f-23-check\misis2024s-23-02-pishugin-d-s\prj.check\prj.check\doctest_queuearr\doctest_queuearr_moveable.cpp(8,1): error C2672: "doctest::detail::instantiationHelper": не найдена соответствующая перегруженная функция [D:\projects\misis2023f-23-check\misis2024s-23-02-pishugin-d-s\build.check\prj.check\prj.check\doctest_queuearr\doctest_queuearr_m.vcxproj]
    13>D:\projects\misis2023f-23-check\misis2024s-23-02-pishugin-d-s\prj.check\prj.check\doctest_queuearr\doctest_queuearr_moveable.cpp(8,1): error C2660: doctest::detail::consume: функция не принимает 1 аргументов [D:\projects\misis2023f-23-check\misis2024s-23-02-pishugin-d-s\build.check\prj.check\prj.check\doctest_queuearr\doctest_queuearr_m.vcxproj]
    13>D:\projects\misis2023f-23-check\misis2024s-23-02-pishugin-d-s\prj.check\prj.check\doctest_queuearr\doctest_queuearr_moveable.cpp(10,1): error C2065: QueueArr: необъявленный идентификатор [D:\projects\misis2023f-23-check\misis2024s-23-02-pishugin-d-s\build.check\prj.check\prj.check\doctest_queuearr\doctest_queuearr_m.vcxproj]
    13>D:\projects\misis2023f-23-check\misis2024s-23-02-pishugin-d-s\prj.check\prj.check\doctest_queuearr\doctest_queuearr_moveable.cpp(10,1): error C3544: "Types": пакет параметров ожидает аргумент шаблона типа [D:\projects\misis2023f-23-check\misis2024s-23-02-pishugin-d-s\build.check\prj.check\prj.check\doctest_queuearr\doctest_queuearr_m.vcxproj]
    13>D:\projects\misis2023f-23-check\misis2024s-23-02-pishugin-d-s\prj.check\prj.check\doctest_queuearr\doctest_queuearr_moveable.cpp(10,1): error C3203: "tuple": неспециализированный класс шаблон нельзя использовать в качестве аргумента шаблон для параметра шаблон "Tuple", требуется действительный тип [D:\projects\misis2023f-23-check\misis2024s-23-02-pishugin-d-s\build.check\prj.check\prj.check\doctest_queuearr\doctest_queuearr_m.vcxproj]
    13>D:\projects\misis2023f-23-check\misis2024s-23-02-pishugin-d-s\prj.check\prj.check\doctest_queuearr\doctest_queuearr_moveable.cpp(10,1): error C2027: использование неопределенного типа "`anonymous-namespace'::test_movable_ctorITERATOR<int>" [D:\projects\misis2023f-23-check\misis2024s-23-02-pishugin-d-s\build.check\prj.check\prj.check\doctest_queuearr\doctest_queuearr_m.vcxproj]
    13>D:\projects\misis2023f-23-check\misis2024s-23-02-pishugin-d-s\prj.check\prj.check\doctest_queuearr\doctest_queuearr_moveable.cpp(10,1): error C2672: "doctest::detail::instantiationHelper": не найдена соответствующая перегруженная функция [D:\projects\misis2023f-23-check\misis2024s-23-02-pishugin-d-s\build.check\prj.check\prj.check\doctest_queuearr\doctest_queuearr_m.vcxproj]
    13>D:\projects\misis2023f-23-check\misis2024s-23-02-pishugin-d-s\prj.check\prj.check\doctest_queuearr\doctest_queuearr_moveable.cpp(10,1): error C2660: doctest::detail::consume: функция не принимает 1 аргументов [D:\projects\misis2023f-23-check\misis2024s-23-02-pishugin-d-s\build.check\prj.check\prj.check\doctest_queuearr\doctest_queuearr_m.vcxproj]
    13>D:\projects\misis2023f-23-check\misis2024s-23-02-pishugin-d-s\prj.check\prj.check\doctest_queuearr\doctest_queuearr_moveable.cpp(12,1): error C2065: QueueArr: необъявленный идентификатор [D:\projects\misis2023f-23-check\misis2024s-23-02-pishugin-d-s\build.check\prj.check\prj.check\doctest_queuearr\doctest_queuearr_m.vcxproj]
    13>D:\projects\misis2023f-23-check\misis2024s-23-02-pishugin-d-s\prj.check\prj.check\doctest_queuearr\doctest_queuearr_moveable.cpp(12,1): error C3544: "Types": пакет параметров ожидает аргумент шаблона типа [D:\projects\misis2023f-23-check\misis2024s-23-02-pishugin-d-s\build.check\prj.check\prj.check\doctest_queuearr\doctest_queuearr_m.vcxproj]
    13>D:\projects\misis2023f-23-check\misis2024s-23-02-pishugin-d-s\prj.check\prj.check\doctest_queuearr\doctest_queuearr_moveable.cpp(12,1): error C3203: "tuple": неспециализированный класс шаблон нельзя использовать в качестве аргумента шаблон для параметра шаблон "Tuple", требуется действительный тип [D:\projects\misis2023f-23-check\misis2024s-23-02-pishugin-d-s\build.check\prj.check\prj.check\doctest_queuearr\doctest_queuearr_m.vcxproj]
    13>D:\projects\misis2023f-23-check\misis2024s-23-02-pishugin-d-s\prj.check\prj.check\doctest_queuearr\doctest_queuearr_moveable.cpp(12,1): error C2027: использование неопределенного типа "`anonymous-namespace'::test_movable_op_eqITERATOR<int>" [D:\projects\misis2023f-23-check\misis2024s-23-02-pishugin-d-s\build.check\prj.check\prj.check\doctest_queuearr\doctest_queuearr_m.vcxproj]
    13>D:\projects\misis2023f-23-check\misis2024s-23-02-pishugin-d-s\prj.check\prj.check\doctest_queuearr\doctest_queuearr_moveable.cpp(12,1): error C2672: "doctest::detail::instantiationHelper": не найдена соответствующая перегруженная функция [D:\projects\misis2023f-23-check\misis2024s-23-02-pishugin-d-s\build.check\prj.check\prj.check\doctest_queuearr\doctest_queuearr_m.vcxproj]
    13>D:\projects\misis2023f-23-check\misis2024s-23-02-pishugin-d-s\prj.check\prj.check\doctest_queuearr\doctest_queuearr_moveable.cpp(12,1): error C2660: doctest::detail::consume: функция не принимает 1 аргументов [D:\projects\misis2023f-23-check\misis2024s-23-02-pishugin-d-s\build.check\prj.check\prj.check\doctest_queuearr\doctest_queuearr_m.vcxproj]
    13>D:\projects\misis2023f-23-check\misis2024s-23-02-pishugin-d-s\prj.check\prj.check\doctest_queuearr\doctest_queuearr_moveable.cpp(16,3): error C2065: QueueArr: необъявленный идентификатор [D:\projects\misis2023f-23-check\misis2024s-23-02-pishugin-d-s\build.check\prj.check\prj.check\doctest_queuearr\doctest_queuearr_m.vcxproj]
    13>D:\projects\misis2023f-23-check\misis2024s-23-02-pishugin-d-s\prj.check\prj.check\doctest_queuearr\doctest_queuearr_moveable.cpp(16,12): error C2146: синтаксическая ошибка: отсутствие ";" перед идентификатором "qu0" [D:\projects\misis2023f-23-check\misis2024s-23-02-pishugin-d-s\build.check\prj.check\prj.check\doctest_queuearr\doctest_queuearr_m.vcxproj]
    13>D:\projects\misis2023f-23-check\misis2024s-23-02-pishugin-d-s\prj.check\prj.check\doctest_queuearr\doctest_queuearr_moveable.cpp(16,12): error C2065: qu0: необъявленный идентификатор [D:\projects\misis2023f-23-check\misis2024s-23-02-pishugin-d-s\build.check\prj.check\prj.check\doctest_queuearr\doctest_queuearr_m.vcxproj]
    13>D:\projects\misis2023f-23-check\misis2024s-23-02-pishugin-d-s\prj.check\prj.check\doctest_queuearr\doctest_queuearr_moveable.cpp(17,3): error C2065: qu0: необъявленный идентификатор [D:\projects\misis2023f-23-check\misis2024s-23-02-pishugin-d-s\build.check\prj.check\prj.check\doctest_queuearr\doctest_queuearr_m.vcxproj]
    13>D:\projects\misis2023f-23-check\misis2024s-23-02-pishugin-d-s\prj.check\prj.check\doctest_queuearr\doctest_queuearr_moveable.cpp(18,3): error C2065: QueueArr: необъявленный идентификатор [D:\projects\misis2023f-23-check\misis2024s-23-02-pishugin-d-s\build.check\prj.check\prj.check\doctest_queuearr\doctest_queuearr_m.vcxproj]
    13>D:\projects\misis2023f-23-check\misis2024s-23-02-pishugin-d-s\prj.check\prj.check\doctest_queuearr\doctest_queuearr_moveable.cpp(18,12): error C2146: синтаксическая ошибка: отсутствие ";" перед идентификатором "qu" [D:\projects\misis2023f-23-check\misis2024s-23-02-pishugin-d-s\build.check\prj.check\prj.check\doctest_queuearr\doctest_queuearr_m.vcxproj]
    13>D:\projects\misis2023f-23-check\misis2024s-23-02-pishugin-d-s\prj.check\prj.check\doctest_queuearr\doctest_queuearr_moveable.cpp(18,12): error C2065: qu: необъявленный идентификатор [D:\projects\misis2023f-23-check\misis2024s-23-02-pishugin-d-s\build.check\prj.check\prj.check\doctest_queuearr\doctest_queuearr_m.vcxproj]
    13>D:\projects\misis2023f-23-check\misis2024s-23-02-pishugin-d-s\prj.check\prj.check\doctest_queuearr\doctest_queuearr_moveable.cpp(18,27): error C2065: qu0: необъявленный идентификатор [D:\projects\misis2023f-23-check\misis2024s-23-02-pishugin-d-s\build.check\prj.check\prj.check\doctest_queuearr\doctest_queuearr_m.vcxproj]
    13>D:\projects\misis2023f-23-check\misis2024s-23-02-pishugin-d-s\prj.check\prj.check\doctest_queuearr\doctest_queuearr_moveable.cpp(19,3): error C2065: qu: необъявленный идентификатор [D:\projects\misis2023f-23-check\misis2024s-23-02-pishugin-d-s\build.check\prj.check\prj.check\doctest_queuearr\doctest_queuearr_m.vcxproj]
    13>D:\projects\misis2023f-23-check\misis2024s-23-02-pishugin-d-s\prj.check\prj.check\doctest_queuearr\doctest_queuearr_moveable.cpp(20,8): error C2065: qu: необъявленный идентификатор [D:\projects\misis2023f-23-check\misis2024s-23-02-pishugin-d-s\build.check\prj.check\prj.check\doctest_queuearr\doctest_queuearr_m.vcxproj]
    13>D:\projects\misis2023f-23-check\misis2024s-23-02-pishugin-d-s\prj.check\prj.check\doctest_queuearr\doctest_queuearr_moveable.cpp(20,25): error C2065: qu0: необъявленный идентификатор [D:\projects\misis2023f-23-check\misis2024s-23-02-pishugin-d-s\build.check\prj.check\prj.check\doctest_queuearr\doctest_queuearr_m.vcxproj]
    13>D:\projects\misis2023f-23-check\misis2024s-23-02-pishugin-d-s\prj.check\prj.check\doctest_queuearr\doctest_queuearr_moveable.cpp(21,5): error C2065: qu0: необъявленный идентификатор [D:\projects\misis2023f-23-check\misis2024s-23-02-pishugin-d-s\build.check\prj.check\prj.check\doctest_queuearr\doctest_queuearr_m.vcxproj]
    13>D:\projects\misis2023f-23-check\misis2024s-23-02-pishugin-d-s\prj.check\prj.check\doctest_queuearr\doctest_queuearr_moveable.cpp(21,5): error C2065: qu: необъявленный идентификатор [D:\projects\misis2023f-23-check\misis2024s-23-02-pishugin-d-s\build.check\prj.check\prj.check\doctest_queuearr\doctest_queuearr_m.vcxproj]
    15>doctest_bitset_moveable.obj : error LNK2019: ссылка на неразрешенный внешний символ "public: __cdecl BitSet::BitSet(int)" (??0BitSet@@QEAA@H@Z) в функции "void __cdecl DOCTEST_ANON_FUNC_15(void)" (?DOCTEST_ANON_FUNC_15@@YAXXZ). [D:\projects\misis2023f-23-check\misis2024s-23-02-pishugin-d-s\build.check\prj.check\prj.check\doctest_bitset\doctest_bitset_m.vcxproj]
    15>D:\projects\misis2023f-23-check\misis2024s-23-02-pishugin-d-s\bin.check\doctest_bitset_m.exe : fatal error LNK1120: неразрешенных внешних элементов: 1 [D:\projects\misis2023f-23-check\misis2024s-23-02-pishugin-d-s\build.check\prj.check\prj.check\doctest_bitset\doctest_bitset_m.vcxproj]
    18>D:\projects\misis2023f-23-check\misis2024s-23-02-pishugin-d-s\prj.lab\complex\complex.hpp(4,16): error C2011: Complex: переопределение типа "struct" [D:\projects\misis2023f-23-check\misis2024s-23-02-pishugin-d-s\build.check\prj.check\prj.check\doctest_queuelst\doctest_queuelst_m.vcxproj]
     7>D:\projects\misis2023f-23-check\misis2024s-23-02-pishugin-d-s\prj.check\prj.check\doctest_queuelst\doctest_queuelst.cpp(25,11): error C2039: "Clear": не является членом "QueueLst". [D:\projects\misis2023f-23-check\misis2024s-23-02-pishugin-d-s\build.check\prj.check\prj.check\doctest_queuelst\doctest_queuelst.vcxproj]
     7>D:\projects\misis2023f-23-check\misis2024s-23-02-pishugin-d-s\prj.check\prj.check\doctest_queuelst\doctest_queuelst.cpp(133,3): error C2662: Complex &QueueLst::Top(void): невозможно преобразовать указатель "this" из "const QueueLst" в "QueueLst &" [D:\projects\misis2023f-23-check\misis2024s-23-02-pishugin-d-s\build.check\prj.check\prj.check\doctest_queuelst\doctest_queuelst.vcxproj]
     7>D:\projects\misis2023f-23-check\misis2024s-23-02-pishugin-d-s\prj.check\prj.check\doctest_queuelst\doctest_queuelst.cpp(136,3): error C2662: Complex &QueueLst::Top(void): невозможно преобразовать указатель "this" из "const QueueLst" в "QueueLst &" [D:\projects\misis2023f-23-check\misis2024s-23-02-pishugin-d-s\build.check\prj.check\prj.check\doctest_queuelst\doctest_queuelst.vcxproj]
    18>D:\projects\misis2023f-23-check\misis2024s-23-02-pishugin-d-s\prj.check\prj.check\doctest_queuelst\doctest_queuelst_moveable.cpp(16,19): error C2027: использование неопределенного типа "Complex" [D:\projects\misis2023f-23-check\misis2024s-23-02-pishugin-d-s\build.check\prj.check\prj.check\doctest_queuelst\doctest_queuelst_m.vcxproj]
